"EventType","InsertText","DeleteText","SourceLocation","ClientTimestamp","CodeStateSection","ToolInstances","EditType","X-Metadata","CodeStateID","X-Compilable","EventID","SubjectID","AssignmentID"
"X-Action","ShowYourWork Init","","","1690669568522",,"1.1.5 for 2021-2022 @t1",,"Init",,,,,
"X-Action","Backspace",,,"1690669634653","main.py","1.1.5 for 2021-2022 @t1",,"Backspace",,,,,
"File.Edit","
","","0","1690669634653","main.py","1.1.5 for 2021-2022 @t1","Insert",,,,,,
"X-Action","Backspace",,,"1690669635086","main.py","1.1.5 for 2021-2022 @t1",,"Backspace",,,,,
"X-Action","Creating file C:\Users\Admin\Desktop\Django tutorial\python_oop\readme.rd",,,"1690669711760","main.py","1.1.5 for 2021-2022 @t1",,"Creating file C:\Users\Admin\Desktop\Django tutorial\python_oop\readme.rd",,,,,
"X-Action","Renaming file readme.rd to readme.md",,,"1690669736178","main.py","1.1.5 for 2021-2022 @t1",,"Renaming file readme.rd to readme.md",,,,,
"X-Action","Renaming file readme.md to README.md",,,"1690669746797","main.py","1.1.5 for 2021-2022 @t1",,"Renaming file readme.md to README.md",,,,,
"File.Edit","#","","0","1690669764427","README.md","1.1.5 for 2021-2022 @t1","Insert",,,,,,
"X-Keystroke","#",,"1","1690669764427","README.md","1.1.5 for 2021-2022 @t1",,"#",,,,,
"File.Edit","r","","1","1690669764959","README.md","1.1.5 for 2021-2022 @t1","Insert",,,,,,
"X-Keystroke","r",,"2","1690669764959","README.md","1.1.5 for 2021-2022 @t1",,"r",,,,,
"File.Edit","e","","2","1690669765160","README.md","1.1.5 for 2021-2022 @t1","Insert",,,,,,
"X-Keystroke","e",,"3","1690669765160","README.md","1.1.5 for 2021-2022 @t1",,"e",,,,,
"File.Edit","a","","3","1690669765229","README.md","1.1.5 for 2021-2022 @t1","Insert",,,,,,
"X-Keystroke","a",,"4","1690669765229","README.md","1.1.5 for 2021-2022 @t1",,"a",,,,,
"File.Edit","d","","4","1690669765402","README.md","1.1.5 for 2021-2022 @t1","Insert",,,,,,
"X-Keystroke","d",,"5","1690669765403","README.md","1.1.5 for 2021-2022 @t1",,"d",,,,,
"File.Edit"," ","","5","1690669765761","README.md","1.1.5 for 2021-2022 @t1","Insert",,,,,,
"X-Keystroke"," ",,"6","1690669765761","README.md","1.1.5 for 2021-2022 @t1",," ",,,,,
"File.Edit","m","","6","1690669766046","README.md","1.1.5 for 2021-2022 @t1","Insert",,,,,,
"X-Keystroke","m",,"7","1690669766046","README.md","1.1.5 for 2021-2022 @t1",,"m",,,,,
"File.Edit","e","","7","1690669766156","README.md","1.1.5 for 2021-2022 @t1","Insert",,,,,,
"X-Keystroke","e",,"8","1690669766157","README.md","1.1.5 for 2021-2022 @t1",,"e",,,,,
"File.Edit"," ","","8","1690669766274","README.md","1.1.5 for 2021-2022 @t1","Insert",,,,,,
"X-Keystroke"," ",,"9","1690669766278","README.md","1.1.5 for 2021-2022 @t1",," ",,,,,
"X-Action","Backspace",,,"1690669766966","README.md","1.1.5 for 2021-2022 @t1",,"Backspace",,,,,
"File.Edit",""," ","8","1690669767106","README.md","1.1.5 for 2021-2022 @t1","Delete",,,,,,
"X-Action","Backspace",,,"1690669767138","README.md","1.1.5 for 2021-2022 @t1",,"Backspace",,,,,
"File.Edit","","e","7","1690669767138","README.md","1.1.5 for 2021-2022 @t1","Delete",,,,,,
"X-Action","Backspace",,,"1690669767315","README.md","1.1.5 for 2021-2022 @t1",,"Backspace",,,,,
"File.Edit","","m","6","1690669767317","README.md","1.1.5 for 2021-2022 @t1","Delete",,,,,,
"X-Keystroke","#",,"1","1690669764427","README.md","1.1.5 for 2021-2022 @t1",,"#",,,,,
"X-Keystroke","r",,"2","1690669764959","README.md","1.1.5 for 2021-2022 @t1",,"r",,,,,
"X-Keystroke","e",,"3","1690669765160","README.md","1.1.5 for 2021-2022 @t1",,"e",,,,,
"X-Keystroke","a",,"4","1690669765229","README.md","1.1.5 for 2021-2022 @t1",,"a",,,,,
"X-Keystroke","d",,"5","1690669765403","README.md","1.1.5 for 2021-2022 @t1",,"d",,,,,
"X-Keystroke"," ",,"6","1690669765761","README.md","1.1.5 for 2021-2022 @t1",," ",,,,,
"X-Keystroke","m",,"7","1690669766046","README.md","1.1.5 for 2021-2022 @t1",,"m",,,,,
"X-Keystroke","e",,"8","1690669766157","README.md","1.1.5 for 2021-2022 @t1",,"e",,,,,
"X-Keystroke"," ",,"9","1690669766278","README.md","1.1.5 for 2021-2022 @t1",," ",,,,,
"X-Action","Backspace",,,"1690669767491","README.md","1.1.5 for 2021-2022 @t1",,"Backspace",,,,,
"File.Edit",""," ","5","1690669767501","README.md","1.1.5 for 2021-2022 @t1","Delete",,,,,,
"X-Action","Backspace",,,"1690669767649","README.md","1.1.5 for 2021-2022 @t1",,"Backspace",,,,,
"File.Edit","","d","4","1690669767649","README.md","1.1.5 for 2021-2022 @t1","Delete",,,,,,
"X-Action","Backspace",,,"1690669767812","README.md","1.1.5 for 2021-2022 @t1",,"Backspace",,,,,
"File.Edit","","a","3","1690669767813","README.md","1.1.5 for 2021-2022 @t1","Delete",,,,,,
"X-Action","Backspace",,,"1690669767980","README.md","1.1.5 for 2021-2022 @t1",,"Backspace",,,,,
"File.Edit","","e","2","1690669767980","README.md","1.1.5 for 2021-2022 @t1","Delete",,,,,,
"X-Action","Backspace",,,"1690669768143","README.md","1.1.5 for 2021-2022 @t1",,"Backspace",,,,,
"File.Edit","","r","1","1690669768144","README.md","1.1.5 for 2021-2022 @t1","Delete",,,,,,
"File.Edit","P","","1","1690669768760","README.md","1.1.5 for 2021-2022 @t1","Insert",,,,,,
"X-Keystroke","P",,"2","1690669768760","README.md","1.1.5 for 2021-2022 @t1",,"P",,,,,
"File.Edit","t","","2","1690669769246","README.md","1.1.5 for 2021-2022 @t1","Insert",,,,,,
"X-Keystroke","t",,"3","1690669769246","README.md","1.1.5 for 2021-2022 @t1",,"t",,,,,
"X-Action","Backspace",,,"1690669769599","README.md","1.1.5 for 2021-2022 @t1",,"Backspace",,,,,
"File.Edit","","t","2","1690669769599","README.md","1.1.5 for 2021-2022 @t1","Delete",,,,,,
"File.Edit","y","","2","1690669769947","README.md","1.1.5 for 2021-2022 @t1","Insert",,,,,,
"X-Keystroke","y",,"3","1690669769947","README.md","1.1.5 for 2021-2022 @t1",,"y",,,,,
"File.Edit","t","","3","1690669770150","README.md","1.1.5 for 2021-2022 @t1","Insert",,,,,,
"X-Keystroke","t",,"4","1690669770150","README.md","1.1.5 for 2021-2022 @t1",,"t",,,,,
"File.Edit","h","","4","1690669770301","README.md","1.1.5 for 2021-2022 @t1","Insert",,,,,,
"X-Keystroke","h",,"5","1690669770301","README.md","1.1.5 for 2021-2022 @t1",,"h",,,,,
"File.Edit","o","","5","1690669770486","README.md","1.1.5 for 2021-2022 @t1","Insert",,,,,,
"X-Keystroke","o",,"6","1690669770486","README.md","1.1.5 for 2021-2022 @t1",,"o",,,,,
"X-Keystroke","P",,"2","1690669768760","README.md","1.1.5 for 2021-2022 @t1",,"P",,,,,
"X-Keystroke","t",,"3","1690669769246","README.md","1.1.5 for 2021-2022 @t1",,"t",,,,,
"X-Keystroke","y",,"3","1690669769947","README.md","1.1.5 for 2021-2022 @t1",,"y",,,,,
"X-Keystroke","t",,"4","1690669770150","README.md","1.1.5 for 2021-2022 @t1",,"t",,,,,
"X-Keystroke","h",,"5","1690669770301","README.md","1.1.5 for 2021-2022 @t1",,"h",,,,,
"X-Keystroke","o",,"6","1690669770486","README.md","1.1.5 for 2021-2022 @t1",,"o",,,,,
"X-Keystroke","n",,"7","1690669770668","README.md","1.1.5 for 2021-2022 @t1",,"n",,,,,
"X-Keystroke"," ",,"8","1690669770787","README.md","1.1.5 for 2021-2022 @t1",," ",,,,,
"X-Keystroke","T",,"9","1690669771218","README.md","1.1.5 for 2021-2022 @t1",,"T",,,,,
"X-Keystroke","r",,"10","1690669771434","README.md","1.1.5 for 2021-2022 @t1",,"r",,,,,
"X-Keystroke","a",,"11","1690669771588","README.md","1.1.5 for 2021-2022 @t1",,"a",,,,,
"X-Keystroke","d",,"12","1690669771718","README.md","1.1.5 for 2021-2022 @t1",,"d",,,,,
"File.Edit","n","","6","1690669770668","README.md","1.1.5 for 2021-2022 @t1","Insert",,,,,,
"X-Keystroke","n",,"7","1690669770668","README.md","1.1.5 for 2021-2022 @t1",,"n",,,,,
"File.Edit"," ","","7","1690669770787","README.md","1.1.5 for 2021-2022 @t1","Insert",,,,,,
"X-Keystroke"," ",,"8","1690669770787","README.md","1.1.5 for 2021-2022 @t1",," ",,,,,
"File.Edit","T","","8","1690669771218","README.md","1.1.5 for 2021-2022 @t1","Insert",,,,,,
"X-Keystroke","T",,"9","1690669771218","README.md","1.1.5 for 2021-2022 @t1",,"T",,,,,
"File.Edit","r","","9","1690669771418","README.md","1.1.5 for 2021-2022 @t1","Insert",,,,,,
"X-Keystroke","r",,"10","1690669771434","README.md","1.1.5 for 2021-2022 @t1",,"r",,,,,
"File.Edit","a","","10","1690669771588","README.md","1.1.5 for 2021-2022 @t1","Insert",,,,,,
"X-Keystroke","a",,"11","1690669771588","README.md","1.1.5 for 2021-2022 @t1",,"a",,,,,
"File.Edit","d","","11","1690669771718","README.md","1.1.5 for 2021-2022 @t1","Insert",,,,,,
"X-Keystroke","d",,"12","1690669771718","README.md","1.1.5 for 2021-2022 @t1",,"d",,,,,
"File.Edit","i","","12","1690669772004","README.md","1.1.5 for 2021-2022 @t1","Insert",,,,,,
"X-Keystroke","i",,"13","1690669772004","README.md","1.1.5 for 2021-2022 @t1",,"i",,,,,
"File.Edit","n","","13","1690669772089","README.md","1.1.5 for 2021-2022 @t1","Insert",,,,,,
"X-Keystroke","n",,"14","1690669772089","README.md","1.1.5 for 2021-2022 @t1",,"n",,,,,
"File.Edit","g","","14","1690669772193","README.md","1.1.5 for 2021-2022 @t1","Insert",,,,,,
"X-Keystroke","g",,"15","1690669772193","README.md","1.1.5 for 2021-2022 @t1",,"g",,,,,
"File.Edit"," ","","15","1690669772380","README.md","1.1.5 for 2021-2022 @t1","Insert",,,,,,
"X-Keystroke"," ",,"16","1690669772384","README.md","1.1.5 for 2021-2022 @t1",," ",,,,,
"File.Edit","B","","16","1690669772869","README.md","1.1.5 for 2021-2022 @t1","Insert",,,,,,
"X-Keystroke","B",,"17","1690669772869","README.md","1.1.5 for 2021-2022 @t1",,"B",,,,,
"File.Edit","o","","17","1690669773370","README.md","1.1.5 for 2021-2022 @t1","Insert",,,,,,
"X-Keystroke","o",,"18","1690669773370","README.md","1.1.5 for 2021-2022 @t1",,"o",,,,,
"File.Edit","t","","18","1690669773492","README.md","1.1.5 for 2021-2022 @t1","Insert",,,,,,
"X-Keystroke","t",,"19","1690669773492","README.md","1.1.5 for 2021-2022 @t1",,"t",,,,,
"X-Keystroke","i",,"13","1690669772004","README.md","1.1.5 for 2021-2022 @t1",,"i",,,,,
"X-Keystroke","n",,"14","1690669772089","README.md","1.1.5 for 2021-2022 @t1",,"n",,,,,
"X-Keystroke","g",,"15","1690669772193","README.md","1.1.5 for 2021-2022 @t1",,"g",,,,,
"X-Keystroke"," ",,"16","1690669772384","README.md","1.1.5 for 2021-2022 @t1",," ",,,,,
"X-Keystroke","B",,"17","1690669772869","README.md","1.1.5 for 2021-2022 @t1",,"B",,,,,
"X-Keystroke","o",,"18","1690669773370","README.md","1.1.5 for 2021-2022 @t1",,"o",,,,,
"X-Keystroke","t",,"19","1690669773492","README.md","1.1.5 for 2021-2022 @t1",,"t",,,,,
"X-Action","Enter",,,"1690669774256","README.md","1.1.5 for 2021-2022 @t1",,"Enter",,,,,
"File.Edit","
","","19","1690669774256","README.md","1.1.5 for 2021-2022 @t1","Insert",,,,,,
"X-Action","Enter",,,"1690669775011","README.md","1.1.5 for 2021-2022 @t1",,"Enter",,,,,
"File.Edit","
","","20","1690669775011","README.md","1.1.5 for 2021-2022 @t1","Insert",,,,,,
"File.Edit","#","","21","1690669775427","README.md","1.1.5 for 2021-2022 @t1","Insert",,,,,,
"X-Keystroke","#",,"22","1690669775427","README.md","1.1.5 for 2021-2022 @t1",,"#",,,,,
"X-Keystroke","#",,"22","1690669775427","README.md","1.1.5 for 2021-2022 @t1",,"#",,,,,
"X-Keystroke","h",,"23","1690669777279","README.md","1.1.5 for 2021-2022 @t1",,"h",,,,,
"X-Keystroke","1",,"24","1690669777401","README.md","1.1.5 for 2021-2022 @t1",,"1",,,,,
"X-Keystroke"," ",,"25","1690669777648","README.md","1.1.5 for 2021-2022 @t1",," ",,,,,
"File.Edit","h","","22","1690669777279","README.md","1.1.5 for 2021-2022 @t1","Insert",,,,,,
"X-Keystroke","h",,"23","1690669777279","README.md","1.1.5 for 2021-2022 @t1",,"h",,,,,
"File.Edit","1","","23","1690669777401","README.md","1.1.5 for 2021-2022 @t1","Insert",,,,,,
"X-Keystroke","1",,"24","1690669777401","README.md","1.1.5 for 2021-2022 @t1",,"1",,,,,
"File.Edit"," ","","24","1690669777648","README.md","1.1.5 for 2021-2022 @t1","Insert",,,,,,
"X-Keystroke"," ",,"25","1690669777648","README.md","1.1.5 for 2021-2022 @t1",," ",,,,,
"X-Action","Backspace",,,"1690669778420","README.md","1.1.5 for 2021-2022 @t1",,"Backspace",,,,,
"File.Edit",""," ","24","1690669778420","README.md","1.1.5 for 2021-2022 @t1","Delete",,,,,,
"X-Action","Backspace",,,"1690669778620","README.md","1.1.5 for 2021-2022 @t1",,"Backspace",,,,,
"File.Edit","","1","23","1690669778620","README.md","1.1.5 for 2021-2022 @t1","Delete",,,,,,
"X-Action","Backspace",,,"1690669778810","README.md","1.1.5 for 2021-2022 @t1",,"Backspace",,,,,
"File.Edit","","h","22","1690669778811","README.md","1.1.5 for 2021-2022 @t1","Delete",,,,,,
"File.Edit","""","","22","1690669779823","README.md","1.1.5 for 2021-2022 @t1","Insert",,,,,,
"X-Keystroke","""",,"23","1690669779823","README.md","1.1.5 for 2021-2022 @t1",,"""",,,,,
"File.Edit","""","","23","1690669780009","README.md","1.1.5 for 2021-2022 @t1","Insert",,,,,,
"File.Edit","""","","24","1690669780011","README.md","1.1.5 for 2021-2022 @t1","Insert",,,,,,
"X-Keystroke","""",,"24","1690669780012","README.md","1.1.5 for 2021-2022 @t1",,"""",,,,,
"File.Edit"," ","","24","1690669780256","README.md","1.1.5 for 2021-2022 @t1","Insert",,,,,,
"X-Keystroke"," ",,"25","1690669780256","README.md","1.1.5 for 2021-2022 @t1",," ",,,,,
"X-Keystroke","""",,"23","1690669779823","README.md","1.1.5 for 2021-2022 @t1",,"""",,,,,
"X-Keystroke","""",,"24","1690669780012","README.md","1.1.5 for 2021-2022 @t1",,"""",,,,,
"X-Keystroke"," ",,"25","1690669780256","README.md","1.1.5 for 2021-2022 @t1",," ",,,,,
"X-Action","Backspace",,,"1690669781003","README.md","1.1.5 for 2021-2022 @t1",,"Backspace",,,,,
"File.Edit",""," ","24","1690669781003","README.md","1.1.5 for 2021-2022 @t1","Delete",,,,,,
"X-Action","Backspace",,,"1690669781201","README.md","1.1.5 for 2021-2022 @t1",,"Backspace",,,,,
"File.Edit","","""","24","1690669781201","README.md","1.1.5 for 2021-2022 @t1","Delete",,,,,,
"File.Edit","","""","23","1690669781210","README.md","1.1.5 for 2021-2022 @t1","Delete",,,,,,
"X-Action","Backspace",,,"1690669781604","README.md","1.1.5 for 2021-2022 @t1",,"Backspace",,,,,
"File.Edit","","""","22","1690669781604","README.md","1.1.5 for 2021-2022 @t1","Delete",,,,,,
"X-Action","Backspace",,,"1690669781942","README.md","1.1.5 for 2021-2022 @t1",,"Backspace",,,,,
"File.Edit","","#","21","1690669781942","README.md","1.1.5 for 2021-2022 @t1","Delete",,,,,,
"File.Edit","#","","21","1690669812113","README.md","1.1.5 for 2021-2022 @t1","Insert",,,,,,
"X-Keystroke","#",,"22","1690669812113","README.md","1.1.5 for 2021-2022 @t1",,"#",,,,,
"File.Edit","#","","22","1690669812300","README.md","1.1.5 for 2021-2022 @t1","Insert",,,,,,
"X-Keystroke","#",,"23","1690669812300","README.md","1.1.5 for 2021-2022 @t1",,"#",,,,,
"File.Edit"," ","","23","1690669812597","README.md","1.1.5 for 2021-2022 @t1","Insert",,,,,,
"X-Keystroke"," ",,"24","1690669812601","README.md","1.1.5 for 2021-2022 @t1",," ",,,,,
"File.Edit","s","","24","1690669814486","README.md","1.1.5 for 2021-2022 @t1","Insert",,,,,,
"X-Keystroke","s",,"25","1690669814490","README.md","1.1.5 for 2021-2022 @t1",,"s",,,,,
"File.Edit","t","","25","1690669814697","README.md","1.1.5 for 2021-2022 @t1","Insert",,,,,,
"X-Keystroke","t",,"26","1690669814697","README.md","1.1.5 for 2021-2022 @t1",,"t",,,,,
"File.Edit","r","","26","1690669814900","README.md","1.1.5 for 2021-2022 @t1","Insert",,,,,,
"X-Keystroke","r",,"27","1690669814900","README.md","1.1.5 for 2021-2022 @t1",,"r",,,,,
"X-Keystroke","#",,"22","1690669812113","README.md","1.1.5 for 2021-2022 @t1",,"#",,,,,
"X-Keystroke","#",,"23","1690669812300","README.md","1.1.5 for 2021-2022 @t1",,"#",,,,,
"X-Keystroke"," ",,"24","1690669812601","README.md","1.1.5 for 2021-2022 @t1",," ",,,,,
"X-Keystroke","s",,"25","1690669814490","README.md","1.1.5 for 2021-2022 @t1",,"s",,,,,
"X-Keystroke","t",,"26","1690669814697","README.md","1.1.5 for 2021-2022 @t1",,"t",,,,,
"X-Keystroke","r",,"27","1690669814900","README.md","1.1.5 for 2021-2022 @t1",,"r",,,,,
"File.Edit","a","","27","1690669815241","README.md","1.1.5 for 2021-2022 @t1","Insert",,,,,,
"X-Keystroke","a",,"28","1690669815241","README.md","1.1.5 for 2021-2022 @t1",,"a",,,,,
"File.Edit","t","","28","1690669816247","README.md","1.1.5 for 2021-2022 @t1","Insert",,,,,,
"X-Keystroke","t",,"29","1690669816251","README.md","1.1.5 for 2021-2022 @t1",,"t",,,,,
"File.Edit","e","","29","1690669816509","README.md","1.1.5 for 2021-2022 @t1","Insert",,,,,,
"X-Keystroke","e",,"30","1690669816509","README.md","1.1.5 for 2021-2022 @t1",,"e",,,,,
"File.Edit","g","","30","1690669817054","README.md","1.1.5 for 2021-2022 @t1","Insert",,,,,,
"X-Keystroke","g",,"31","1690669817058","README.md","1.1.5 for 2021-2022 @t1",,"g",,,,,
"File.Edit","i","","31","1690669817195","README.md","1.1.5 for 2021-2022 @t1","Insert",,,,,,
"X-Keystroke","i",,"32","1690669817196","README.md","1.1.5 for 2021-2022 @t1",,"i",,,,,
"File.Edit","e","","32","1690669817300","README.md","1.1.5 for 2021-2022 @t1","Insert",,,,,,
"X-Keystroke","e",,"33","1690669817301","README.md","1.1.5 for 2021-2022 @t1",,"e",,,,,
"File.Edit","s","","33","1690669817549","README.md","1.1.5 for 2021-2022 @t1","Insert",,,,,,
"X-Keystroke","s",,"34","1690669817549","README.md","1.1.5 for 2021-2022 @t1",,"s",,,,,
"X-Keystroke","a",,"28","1690669815241","README.md","1.1.5 for 2021-2022 @t1",,"a",,,,,
"X-Keystroke","t",,"29","1690669816251","README.md","1.1.5 for 2021-2022 @t1",,"t",,,,,
"X-Keystroke","e",,"30","1690669816509","README.md","1.1.5 for 2021-2022 @t1",,"e",,,,,
"X-Keystroke","g",,"31","1690669817058","README.md","1.1.5 for 2021-2022 @t1",,"g",,,,,
"X-Keystroke","i",,"32","1690669817196","README.md","1.1.5 for 2021-2022 @t1",,"i",,,,,
"X-Keystroke","e",,"33","1690669817300","README.md","1.1.5 for 2021-2022 @t1",,"e",,,,,
"X-Keystroke","s",,"34","1690669817549","README.md","1.1.5 for 2021-2022 @t1",,"s",,,,,
"X-Action","Enter",,,"1690669820925","README.md","1.1.5 for 2021-2022 @t1",,"Enter",,,,,
"File.Edit","
","","34","1690669820925","README.md","1.1.5 for 2021-2022 @t1","Insert",,,,,,
"X-Action","Enter",,,"1690669821213","README.md","1.1.5 for 2021-2022 @t1",,"Enter",,,,,
"File.Edit","
","","35","1690669821217","README.md","1.1.5 for 2021-2022 @t1","Insert",,,,,,
"File.Edit","#","","36","1690669822066","README.md","1.1.5 for 2021-2022 @t1","Insert",,,,,,
"X-Keystroke","#",,"37","1690669822066","README.md","1.1.5 for 2021-2022 @t1",,"#",,,,,
"File.Edit","#","","37","1690669822268","README.md","1.1.5 for 2021-2022 @t1","Insert",,,,,,
"X-Keystroke","#",,"38","1690669822268","README.md","1.1.5 for 2021-2022 @t1",,"#",,,,,
"File.Edit","#","","38","1690669822454","README.md","1.1.5 for 2021-2022 @t1","Insert",,,,,,
"X-Keystroke","#",,"39","1690669822458","README.md","1.1.5 for 2021-2022 @t1",,"#",,,,,
"File.Edit"," ","","39","1690669822705","README.md","1.1.5 for 2021-2022 @t1","Insert",,,,,,
"X-Keystroke"," ",,"40","1690669822709","README.md","1.1.5 for 2021-2022 @t1",," ",,,,,
"X-Keystroke","#",,"37","1690669822066","README.md","1.1.5 for 2021-2022 @t1",,"#",,,,,
"X-Keystroke","#",,"38","1690669822268","README.md","1.1.5 for 2021-2022 @t1",,"#",,,,,
"X-Keystroke","#",,"39","1690669822458","README.md","1.1.5 for 2021-2022 @t1",,"#",,,,,
"X-Keystroke"," ",,"40","1690669822709","README.md","1.1.5 for 2021-2022 @t1",," ",,,,,
"X-Action","Up",,,"1690669823939","README.md","1.1.5 for 2021-2022 @t1",,"Up",,,,,
"X-Action","Up",,,"1690669824150","README.md","1.1.5 for 2021-2022 @t1",,"Up",,,,,
"X-Action","Up",,,"1690669824414","README.md","1.1.5 for 2021-2022 @t1",,"Up",,,,,
"X-Action","Backspace",,,"1690669824753","README.md","1.1.5 for 2021-2022 @t1",,"Backspace",,,,,
"File.Edit","","
","20","1690669824757","README.md","1.1.5 for 2021-2022 @t1","Delete",,,,,,
"X-Action","Down",,,"1690669825372","README.md","1.1.5 for 2021-2022 @t1",,"Down",,,,,
"X-Action","Down",,,"1690669825537","README.md","1.1.5 for 2021-2022 @t1",,"Down",,,,,
"X-Action","Backspace",,,"1690669825861","README.md","1.1.5 for 2021-2022 @t1",,"Backspace",,,,,
"File.Edit","","
","34","1690669825865","README.md","1.1.5 for 2021-2022 @t1","Delete",,,,,,
"X-Action","Down",,,"1690669826327","README.md","1.1.5 for 2021-2022 @t1",,"Down",,,,,
"File.Edit"," ","","38","1690669826510","README.md","1.1.5 for 2021-2022 @t1","Insert",,,,,,
"X-Keystroke"," ",,"39","1690669826510","README.md","1.1.5 for 2021-2022 @t1",," ",,,,,
"X-Action","Backspace",,,"1690669827138","README.md","1.1.5 for 2021-2022 @t1",,"Backspace",,,,,
"File.Edit",""," ","38","1690669827138","README.md","1.1.5 for 2021-2022 @t1","Delete",,,,,,
"X-Keystroke"," ",,"39","1690669826510","README.md","1.1.5 for 2021-2022 @t1",," ",,,,,
"File.Edit","v","","38","1690669830055","README.md","1.1.5 for 2021-2022 @t1","Insert",,,,,,
"X-Keystroke","v",,"39","1690669830055","README.md","1.1.5 for 2021-2022 @t1",,"v",,,,,
"File.Edit","w","","39","1690669830555","README.md","1.1.5 for 2021-2022 @t1","Insert",,,,,,
"X-Keystroke","w",,"40","1690669830555","README.md","1.1.5 for 2021-2022 @t1",,"w",,,,,
"File.Edit","a","","40","1690669830782","README.md","1.1.5 for 2021-2022 @t1","Insert",,,,,,
"X-Keystroke","a",,"41","1690669830782","README.md","1.1.5 for 2021-2022 @t1",,"a",,,,,
"File.Edit","p","","41","1690669831126","README.md","1.1.5 for 2021-2022 @t1","Insert",,,,,,
"X-Keystroke","p",,"42","1690669831126","README.md","1.1.5 for 2021-2022 @t1",,"p",,,,,
"File.Edit"," ","","42","1690669831295","README.md","1.1.5 for 2021-2022 @t1","Insert",,,,,,
"X-Keystroke"," ",,"43","1690669831295","README.md","1.1.5 for 2021-2022 @t1",," ",,,,,
"File.Edit","&","","43","1690669832230","README.md","1.1.5 for 2021-2022 @t1","Insert",,,,,,
"X-Keystroke","&",,"44","1690669832230","README.md","1.1.5 for 2021-2022 @t1",,"&",,,,,
"File.Edit"," ","","44","1690669832354","README.md","1.1.5 for 2021-2022 @t1","Insert",,,,,,
"X-Keystroke"," ",,"45","1690669832370","README.md","1.1.5 for 2021-2022 @t1",," ",,,,,
"X-Keystroke","v",,"39","1690669830055","README.md","1.1.5 for 2021-2022 @t1",,"v",,,,,
"X-Keystroke","w",,"40","1690669830555","README.md","1.1.5 for 2021-2022 @t1",,"w",,,,,
"X-Keystroke","a",,"41","1690669830782","README.md","1.1.5 for 2021-2022 @t1",,"a",,,,,
"X-Keystroke","p",,"42","1690669831126","README.md","1.1.5 for 2021-2022 @t1",,"p",,,,,
"X-Keystroke"," ",,"43","1690669831295","README.md","1.1.5 for 2021-2022 @t1",," ",,,,,
"X-Keystroke","&",,"44","1690669832230","README.md","1.1.5 for 2021-2022 @t1",,"&",,,,,
"X-Keystroke"," ",,"45","1690669832370","README.md","1.1.5 for 2021-2022 @t1",," ",,,,,
"File.Edit","r","","45","1690669835087","README.md","1.1.5 for 2021-2022 @t1","Insert",,,,,,
"X-Keystroke","r",,"46","1690669835087","README.md","1.1.5 for 2021-2022 @t1",,"r",,,,,
"File.Edit","s","","46","1690669835309","README.md","1.1.5 for 2021-2022 @t1","Insert",,,,,,
"X-Keystroke","s",,"47","1690669835309","README.md","1.1.5 for 2021-2022 @t1",,"s",,,,,
"File.Edit","i","","47","1690669835509","README.md","1.1.5 for 2021-2022 @t1","Insert",,,,,,
"X-Keystroke","i",,"48","1690669835509","README.md","1.1.5 for 2021-2022 @t1",,"i",,,,,
"X-Keystroke","r",,"46","1690669835087","README.md","1.1.5 for 2021-2022 @t1",,"r",,,,,
"X-Keystroke","s",,"47","1690669835309","README.md","1.1.5 for 2021-2022 @t1",,"s",,,,,
"X-Keystroke","i",,"48","1690669835509","README.md","1.1.5 for 2021-2022 @t1",,"i",,,,,
"File.Edit"," ","","48","1690669838952","README.md","1.1.5 for 2021-2022 @t1","Insert",,,,,,
"X-Keystroke"," ",,"49","1690669838952","README.md","1.1.5 for 2021-2022 @t1",," ",,,,,
"File.Edit","&","","49","1690669839921","README.md","1.1.5 for 2021-2022 @t1","Insert",,,,,,
"X-Keystroke","&",,"50","1690669839921","README.md","1.1.5 for 2021-2022 @t1",,"&",,,,,
"File.Edit"," ","","50","1690669840077","README.md","1.1.5 for 2021-2022 @t1","Insert",,,,,,
"X-Keystroke"," ",,"51","1690669840080","README.md","1.1.5 for 2021-2022 @t1",," ",,,,,
"X-Keystroke"," ",,"49","1690669838952","README.md","1.1.5 for 2021-2022 @t1",," ",,,,,
"X-Keystroke","&",,"50","1690669839921","README.md","1.1.5 for 2021-2022 @t1",,"&",,,,,
"X-Keystroke"," ",,"51","1690669840080","README.md","1.1.5 for 2021-2022 @t1",," ",,,,,
"X-Action","Backspace",,,"1690669916947","README.md","1.1.5 for 2021-2022 @t1",,"Backspace",,,,,
"File.Edit",""," ","50","1690669916947","README.md","1.1.5 for 2021-2022 @t1","Delete",,,,,,
"X-Action","Backspace",,,"1690669917110","README.md","1.1.5 for 2021-2022 @t1",,"Backspace",,,,,
"File.Edit","","&","49","1690669917110","README.md","1.1.5 for 2021-2022 @t1","Delete",,,,,,
"X-Action","Enter",,,"1690669921088","main.py","1.1.5 for 2021-2022 @t1",,"Enter",,,,,
"File.Edit","
","","1","1690669921119","main.py","1.1.5 for 2021-2022 @t1","Insert",,,,,,
"X-Action","Enter",,,"1690669921273","main.py","1.1.5 for 2021-2022 @t1",,"Enter",,,,,
"File.Edit","
","","2","1690669921273","main.py","1.1.5 for 2021-2022 @t1","Insert",,,,,,
"X-Action","Backspace",,,"1690669921756","main.py","1.1.5 for 2021-2022 @t1",,"Backspace",,,,,
"File.Edit","","
","2","1690669921756","main.py","1.1.5 for 2021-2022 @t1","Delete",,,,,,
"X-Action","Backspace",,,"1690669921906","main.py","1.1.5 for 2021-2022 @t1",,"Backspace",,,,,
"File.Edit","","
","1","1690669921906","main.py","1.1.5 for 2021-2022 @t1","Delete",,,,,,
"X-Action","Backspace",,,"1690669922063","main.py","1.1.5 for 2021-2022 @t1",,"Backspace",,,,,
"File.Edit","","
","0","1690669922063","main.py","1.1.5 for 2021-2022 @t1","Delete",,,,,,
"X-Action","Backspace",,,"1690669922217","main.py","1.1.5 for 2021-2022 @t1",,"Backspace",,,,,
"File.Edit","#","","0","1690669923365","main.py","1.1.5 for 2021-2022 @t1","Insert",,,,,,
"X-Keystroke","#",,"1","1690669923365","main.py","1.1.5 for 2021-2022 @t1",,"#",,,,,
"File.Edit"," ","","1","1690669923481","main.py","1.1.5 for 2021-2022 @t1","Insert",,,,,,
"X-Keystroke"," ",,"2","1690669923481","main.py","1.1.5 for 2021-2022 @t1",," ",,,,,
"File.Edit","c","","2","1690669924036","main.py","1.1.5 for 2021-2022 @t1","Insert",,,,,,
"X-Keystroke","c",,"3","1690669924036","main.py","1.1.5 for 2021-2022 @t1",,"c",,,,,
"X-Keystroke","#",,"1","1690669923365","main.py","1.1.5 for 2021-2022 @t1",,"#",,,,,
"X-Keystroke"," ",,"2","1690669923481","main.py","1.1.5 for 2021-2022 @t1",," ",,,,,
"X-Keystroke","c",,"3","1690669924036","main.py","1.1.5 for 2021-2022 @t1",,"c",,,,,
"X-Keystroke","o",,"4","1690669924267","main.py","1.1.5 for 2021-2022 @t1",,"o",,,,,
"X-Keystroke","n",,"5","1690669924715","main.py","1.1.5 for 2021-2022 @t1",,"n",,,,,
"X-Keystroke","n",,"6","1690669924853","main.py","1.1.5 for 2021-2022 @t1",,"n",,,,,
"X-Keystroke","e",,"7","1690669924954","main.py","1.1.5 for 2021-2022 @t1",,"e",,,,,
"X-Keystroke","c",,"8","1690669925556","main.py","1.1.5 for 2021-2022 @t1",,"c",,,,,
"X-Keystroke","t",,"9","1690669925900","main.py","1.1.5 for 2021-2022 @t1",,"t",,,,,
"X-Keystroke"," ",,"10","1690669926082","main.py","1.1.5 for 2021-2022 @t1",," ",,,,,
"File.Edit","o","","3","1690669924267","main.py","1.1.5 for 2021-2022 @t1","Insert",,,,,,
"X-Keystroke","o",,"4","1690669924267","main.py","1.1.5 for 2021-2022 @t1",,"o",,,,,
"File.Edit","n","","4","1690669924715","main.py","1.1.5 for 2021-2022 @t1","Insert",,,,,,
"X-Keystroke","n",,"5","1690669924715","main.py","1.1.5 for 2021-2022 @t1",,"n",,,,,
"File.Edit","n","","5","1690669924853","main.py","1.1.5 for 2021-2022 @t1","Insert",,,,,,
"X-Keystroke","n",,"6","1690669924853","main.py","1.1.5 for 2021-2022 @t1",,"n",,,,,
"File.Edit","e","","6","1690669924954","main.py","1.1.5 for 2021-2022 @t1","Insert",,,,,,
"X-Keystroke","e",,"7","1690669924954","main.py","1.1.5 for 2021-2022 @t1",,"e",,,,,
"X-Keystroke","c",,"8","1690669925556","main.py","1.1.5 for 2021-2022 @t1",,"c",,,,,
"File.Edit","c","","7","1690669925556","main.py","1.1.5 for 2021-2022 @t1","Insert",,,,,,
"File.Edit","t","","8","1690669925900","main.py","1.1.5 for 2021-2022 @t1","Insert",,,,,,
"X-Keystroke","t",,"9","1690669925900","main.py","1.1.5 for 2021-2022 @t1",,"t",,,,,
"File.Edit"," ","","9","1690669926082","main.py","1.1.5 for 2021-2022 @t1","Insert",,,,,,
"X-Keystroke"," ",,"10","1690669926082","main.py","1.1.5 for 2021-2022 @t1",," ",,,,,
"File.Edit","t","","10","1690669929480","main.py","1.1.5 for 2021-2022 @t1","Insert",,,,,,
"X-Keystroke","t",,"11","1690669929480","main.py","1.1.5 for 2021-2022 @t1",,"t",,,,,
"File.Edit","o","","11","1690669929650","main.py","1.1.5 for 2021-2022 @t1","Insert",,,,,,
"X-Keystroke","o",,"12","1690669929650","main.py","1.1.5 for 2021-2022 @t1",,"o",,,,,
"File.Edit"," ","","12","1690669929781","main.py","1.1.5 for 2021-2022 @t1","Insert",,,,,,
"X-Keystroke"," ",,"13","1690669929781","main.py","1.1.5 for 2021-2022 @t1",," ",,,,,
"File.Edit","t","","13","1690669931582","main.py","1.1.5 for 2021-2022 @t1","Insert",,,,,,
"X-Keystroke","t",,"14","1690669931582","main.py","1.1.5 for 2021-2022 @t1",,"t",,,,,
"File.Edit","r","","14","1690669931751","main.py","1.1.5 for 2021-2022 @t1","Insert",,,,,,
"X-Keystroke","r",,"15","1690669931751","main.py","1.1.5 for 2021-2022 @t1",,"r",,,,,
"File.Edit","a","","15","1690669931951","main.py","1.1.5 for 2021-2022 @t1","Insert",,,,,,
"X-Keystroke","a",,"16","1690669931951","main.py","1.1.5 for 2021-2022 @t1",,"a",,,,,
"File.Edit","d","","16","1690669932114","main.py","1.1.5 for 2021-2022 @t1","Insert",,,,,,
"X-Keystroke","d",,"17","1690669932114","main.py","1.1.5 for 2021-2022 @t1",,"d",,,,,
"File.Edit","i","","17","1690669932414","main.py","1.1.5 for 2021-2022 @t1","Insert",,,,,,
"X-Keystroke","i",,"18","1690669932414","main.py","1.1.5 for 2021-2022 @t1",,"i",,,,,
"X-Keystroke","t",,"11","1690669929480","main.py","1.1.5 for 2021-2022 @t1",,"t",,,,,
"X-Keystroke","o",,"12","1690669929650","main.py","1.1.5 for 2021-2022 @t1",,"o",,,,,
"X-Keystroke"," ",,"13","1690669929781","main.py","1.1.5 for 2021-2022 @t1",," ",,,,,
"X-Keystroke","t",,"14","1690669931582","main.py","1.1.5 for 2021-2022 @t1",,"t",,,,,
"X-Keystroke","r",,"15","1690669931751","main.py","1.1.5 for 2021-2022 @t1",,"r",,,,,
"X-Keystroke","a",,"16","1690669931951","main.py","1.1.5 for 2021-2022 @t1",,"a",,,,,
"X-Keystroke","d",,"17","1690669932114","main.py","1.1.5 for 2021-2022 @t1",,"d",,,,,
"X-Keystroke","i",,"18","1690669932414","main.py","1.1.5 for 2021-2022 @t1",,"i",,,,,
"File.Edit","n","","18","1690669932552","main.py","1.1.5 for 2021-2022 @t1","Insert",,,,,,
"X-Keystroke","n",,"19","1690669932552","main.py","1.1.5 for 2021-2022 @t1",,"n",,,,,
"File.Edit","g","","19","1690669932668","main.py","1.1.5 for 2021-2022 @t1","Insert",,,,,,
"X-Keystroke","g",,"20","1690669932668","main.py","1.1.5 for 2021-2022 @t1",,"g",,,,,
"File.Edit"," ","","20","1690669932767","main.py","1.1.5 for 2021-2022 @t1","Insert",,,,,,
"X-Keystroke"," ",,"21","1690669932767","main.py","1.1.5 for 2021-2022 @t1",," ",,,,,
"File.Edit","v","","21","1690669933584","main.py","1.1.5 for 2021-2022 @t1","Insert",,,,,,
"X-Keystroke","v",,"22","1690669933584","main.py","1.1.5 for 2021-2022 @t1",,"v",,,,,
"File.Edit","i","","22","1690669933937","main.py","1.1.5 for 2021-2022 @t1","Insert",,,,,,
"X-Keystroke","i",,"23","1690669933937","main.py","1.1.5 for 2021-2022 @t1",,"i",,,,,
"File.Edit","e","","23","1690669934000","main.py","1.1.5 for 2021-2022 @t1","Insert",,,,,,
"X-Keystroke","e",,"24","1690669934000","main.py","1.1.5 for 2021-2022 @t1",,"e",,,,,
"File.Edit","w","","24","1690669934169","main.py","1.1.5 for 2021-2022 @t1","Insert",,,,,,
"X-Keystroke","w",,"25","1690669934169","main.py","1.1.5 for 2021-2022 @t1",,"w",,,,,
"File.Edit"," ","","25","1690669934269","main.py","1.1.5 for 2021-2022 @t1","Insert",,,,,,
"X-Keystroke"," ",,"26","1690669934269","main.py","1.1.5 for 2021-2022 @t1",," ",,,,,
"X-Action","Left",,,"1690669934739","main.py","1.1.5 for 2021-2022 @t1",,"Left",,,,,
"X-Action","Left",,,"1690669934918","main.py","1.1.5 for 2021-2022 @t1",,"Left",,,,,
"X-Action","Left",,,"1690669935056","main.py","1.1.5 for 2021-2022 @t1",,"Left",,,,,
"X-Action","Left",,,"1690669935203","main.py","1.1.5 for 2021-2022 @t1",,"Left",,,,,
"X-Action","Left",,,"1690669935357","main.py","1.1.5 for 2021-2022 @t1",,"Left",,,,,
"X-Keystroke","n",,"19","1690669932552","main.py","1.1.5 for 2021-2022 @t1",,"n",,,,,
"X-Keystroke","g",,"20","1690669932668","main.py","1.1.5 for 2021-2022 @t1",,"g",,,,,
"X-Keystroke"," ",,"21","1690669932767","main.py","1.1.5 for 2021-2022 @t1",," ",,,,,
"X-Keystroke","v",,"22","1690669933584","main.py","1.1.5 for 2021-2022 @t1",,"v",,,,,
"X-Keystroke","i",,"23","1690669933937","main.py","1.1.5 for 2021-2022 @t1",,"i",,,,,
"X-Keystroke","e",,"24","1690669934000","main.py","1.1.5 for 2021-2022 @t1",,"e",,,,,
"X-Keystroke","w",,"25","1690669934169","main.py","1.1.5 for 2021-2022 @t1",,"w",,,,,
"X-Keystroke"," ",,"26","1690669934269","main.py","1.1.5 for 2021-2022 @t1",," ",,,,,
"X-Action","Backspace",,,"1690669936076","main.py","1.1.5 for 2021-2022 @t1",,"Backspace",,,,,
"File.Edit",""," ","20","1690669936076","main.py","1.1.5 for 2021-2022 @t1","Delete",,,,,,
"X-Action","Right",,,"1690669936424","main.py","1.1.5 for 2021-2022 @t1",,"Right",,,,,
"X-Action","Right",,,"1690669936625","main.py","1.1.5 for 2021-2022 @t1",,"Right",,,,,
"X-Action","Right",,,"1690669936778","main.py","1.1.5 for 2021-2022 @t1",,"Right",,,,,
"X-Action","Right",,,"1690669936941","main.py","1.1.5 for 2021-2022 @t1",,"Right",,,,,
"File.Edit"," ","","25","1690669937094","main.py","1.1.5 for 2021-2022 @t1","Insert",,,,,,
"X-Keystroke"," ",,"25","1690669937110","main.py","1.1.5 for 2021-2022 @t1",," ",,,,,
"File.Edit","p","","25","1690669937628","main.py","1.1.5 for 2021-2022 @t1","Insert",,,,,,
"X-Keystroke","p",,"26","1690669937628","main.py","1.1.5 for 2021-2022 @t1",,"p",,,,,
"File.Edit","a","","26","1690669937744","main.py","1.1.5 for 2021-2022 @t1","Insert",,,,,,
"X-Keystroke","a",,"27","1690669937744","main.py","1.1.5 for 2021-2022 @t1",,"a",,,,,
"X-Keystroke"," ",,"25","1690669937110","main.py","1.1.5 for 2021-2022 @t1",," ",,,,,
"X-Keystroke","p",,"26","1690669937628","main.py","1.1.5 for 2021-2022 @t1",,"p",,,,,
"X-Keystroke","a",,"27","1690669937744","main.py","1.1.5 for 2021-2022 @t1",,"a",,,,,
"X-Keystroke","p",,"28","1690669939183","main.py","1.1.5 for 2021-2022 @t1",,"p",,,,,
"X-Keystroke","e",,"29","1690669939268","main.py","1.1.5 for 2021-2022 @t1",,"e",,,,,
"X-Keystroke","r",,"30","1690669939499","main.py","1.1.5 for 2021-2022 @t1",,"r",,,,,
"File.Edit","p","","27","1690669939183","main.py","1.1.5 for 2021-2022 @t1","Insert",,,,,,
"X-Keystroke","p",,"28","1690669939183","main.py","1.1.5 for 2021-2022 @t1",,"p",,,,,
"File.Edit","e","","28","1690669939268","main.py","1.1.5 for 2021-2022 @t1","Insert",,,,,,
"X-Keystroke","e",,"29","1690669939268","main.py","1.1.5 for 2021-2022 @t1",,"e",,,,,
"File.Edit","r","","29","1690669939499","main.py","1.1.5 for 2021-2022 @t1","Insert",,,,,,
"X-Keystroke","r",,"30","1690669939499","main.py","1.1.5 for 2021-2022 @t1",,"r",,,,,
"File.Edit","T","","30","1690669940316","main.py","1.1.5 for 2021-2022 @t1","Insert",,,,,,
"X-Keystroke","T",,"31","1690669940316","main.py","1.1.5 for 2021-2022 @t1",,"T",,,,,
"File.Edit","r","","31","1690669940516","main.py","1.1.5 for 2021-2022 @t1","Insert",,,,,,
"X-Keystroke","r",,"32","1690669940516","main.py","1.1.5 for 2021-2022 @t1",,"r",,,,,
"File.Edit","a","","32","1690669940700","main.py","1.1.5 for 2021-2022 @t1","Insert",,,,,,
"X-Keystroke","a",,"33","1690669940700","main.py","1.1.5 for 2021-2022 @t1",,"a",,,,,
"File.Edit","d","","33","1690669940816","main.py","1.1.5 for 2021-2022 @t1","Insert",,,,,,
"X-Keystroke","d",,"34","1690669940816","main.py","1.1.5 for 2021-2022 @t1",,"d",,,,,
"File.Edit","d","","34","1690669940847","main.py","1.1.5 for 2021-2022 @t1","Insert",,,,,,
"X-Keystroke","d",,"35","1690669940847","main.py","1.1.5 for 2021-2022 @t1",,"d",,,,,
"File.Edit","i","","35","1690669941317","main.py","1.1.5 for 2021-2022 @t1","Insert",,,,,,
"X-Keystroke","i",,"36","1690669941317","main.py","1.1.5 for 2021-2022 @t1",,"i",,,,,
"File.Edit","n","","36","1690669941333","main.py","1.1.5 for 2021-2022 @t1","Insert",,,,,,
"X-Keystroke","n",,"37","1690669941333","main.py","1.1.5 for 2021-2022 @t1",,"n",,,,,
"File.Edit","g","","37","1690669941417","main.py","1.1.5 for 2021-2022 @t1","Insert",,,,,,
"X-Keystroke","g",,"38","1690669941417","main.py","1.1.5 for 2021-2022 @t1",,"g",,,,,
"X-Action","Left",,,"1690669941919","main.py","1.1.5 for 2021-2022 @t1",,"Left",,,,,
"X-Action","Left",,,"1690669942119","main.py","1.1.5 for 2021-2022 @t1",,"Left",,,,,
"X-Keystroke","T",,"31","1690669940316","main.py","1.1.5 for 2021-2022 @t1",,"T",,,,,
"X-Keystroke","r",,"32","1690669940516","main.py","1.1.5 for 2021-2022 @t1",,"r",,,,,
"X-Keystroke","a",,"33","1690669940700","main.py","1.1.5 for 2021-2022 @t1",,"a",,,,,
"X-Keystroke","d",,"34","1690669940816","main.py","1.1.5 for 2021-2022 @t1",,"d",,,,,
"X-Keystroke","d",,"35","1690669940847","main.py","1.1.5 for 2021-2022 @t1",,"d",,,,,
"X-Keystroke","i",,"36","1690669941317","main.py","1.1.5 for 2021-2022 @t1",,"i",,,,,
"X-Keystroke","n",,"37","1690669941333","main.py","1.1.5 for 2021-2022 @t1",,"n",,,,,
"X-Keystroke","g",,"38","1690669941417","main.py","1.1.5 for 2021-2022 @t1",,"g",,,,,
"X-Action","Left",,,"1690669942257","main.py","1.1.5 for 2021-2022 @t1",,"Left",,,,,
"X-Action","Backspace",,,"1690669942505","main.py","1.1.5 for 2021-2022 @t1",,"Backspace",,,,,
"File.Edit","","d","34","1690669942505","main.py","1.1.5 for 2021-2022 @t1","Delete",,,,,,
"X-Action","Left",,,"1690669942821","main.py","1.1.5 for 2021-2022 @t1",,"Left",,,,,
"X-Action","Left",,,"1690669942991","main.py","1.1.5 for 2021-2022 @t1",,"Left",,,,,
"X-Action","Left",,,"1690669943160","main.py","1.1.5 for 2021-2022 @t1",,"Left",,,,,
"X-Action","Left",,,"1690669943307","main.py","1.1.5 for 2021-2022 @t1",,"Left",,,,,
"File.Edit"," ","","30","1690669943408","main.py","1.1.5 for 2021-2022 @t1","Insert",,,,,,
"X-Keystroke"," ",,"31","1690669943408","main.py","1.1.5 for 2021-2022 @t1",," ",,,,,
"X-Action","Right",,,"1690669943608","main.py","1.1.5 for 2021-2022 @t1",,"Right",,,,,
"X-Action","Left",,,"1690669943962","main.py","1.1.5 for 2021-2022 @t1",,"Left",,,,,
"X-Action","Left",,,"1690669944156","main.py","1.1.5 for 2021-2022 @t1",,"Left",,,,,
"X-Action","Left",,,"1690669944325","main.py","1.1.5 for 2021-2022 @t1",,"Left",,,,,
"X-Action","Left",,,"1690669944479","main.py","1.1.5 for 2021-2022 @t1",,"Left",,,,,
"X-Action","Left",,,"1690669944610","main.py","1.1.5 for 2021-2022 @t1",,"Left",,,,,
"X-Action","Left",,,"1690669944764","main.py","1.1.5 for 2021-2022 @t1",,"Left",,,,,
"X-Action","Backspace",,,"1690669945143","main.py","1.1.5 for 2021-2022 @t1",,"Backspace",,,,,
"File.Edit","","p","25","1690669945159","main.py","1.1.5 for 2021-2022 @t1","Delete",,,,,,
"X-Keystroke"," ",,"31","1690669943408","main.py","1.1.5 for 2021-2022 @t1",," ",,,,,
"X-Keystroke","P",,"26","1690669945412","main.py","1.1.5 for 2021-2022 @t1",,"P",,,,,
"File.Edit","P","","25","1690669945412","main.py","1.1.5 for 2021-2022 @t1","Insert",,,,,,
"X-Keystroke","P",,"26","1690669945412","main.py","1.1.5 for 2021-2022 @t1",,"P",,,,,
"X-Action","Right",,,"1690669945882","main.py","1.1.5 for 2021-2022 @t1",,"Right",,,,,
"X-Action","Right",,,"1690669946082","main.py","1.1.5 for 2021-2022 @t1",,"Right",,,,,
"X-Action","Right",,,"1690669946545","main.py","1.1.5 for 2021-2022 @t1",,"Right",,,,,
"X-Action","Right",,,"1690669946567","main.py","1.1.5 for 2021-2022 @t1",,"Right",,,,,
"X-Action","Right",,,"1690669946599","main.py","1.1.5 for 2021-2022 @t1",,"Right",,,,,
"X-Action","Right",,,"1690669946614","main.py","1.1.5 for 2021-2022 @t1",,"Right",,,,,
"X-Action","Right",,,"1690669946646","main.py","1.1.5 for 2021-2022 @t1",,"Right",,,,,
"X-Action","Right",,,"1690669946668","main.py","1.1.5 for 2021-2022 @t1",,"Right",,,,,
"X-Action","Right",,,"1690669946699","main.py","1.1.5 for 2021-2022 @t1",,"Right",,,,,
"X-Action","Right",,,"1690669946730","main.py","1.1.5 for 2021-2022 @t1",,"Right",,,,,
"X-Action","Right",,,"1690669946931","main.py","1.1.5 for 2021-2022 @t1",,"Right",,,,,
"X-Action","Right",,,"1690669947116","main.py","1.1.5 for 2021-2022 @t1",,"Right",,,,,
"X-Action","Enter",,,"1690669948173","main.py","1.1.5 for 2021-2022 @t1",,"Enter",,,,,
"File.Edit","
","","38","1690669948173","main.py","1.1.5 for 2021-2022 @t1","Insert",,,,,,
"File.Edit",""," ","39","1690669948173","main.py","1.1.5 for 2021-2022 @t1","Delete",,,,,,
"X-Action","Enter",,,"1690669950998","main.py","1.1.5 for 2021-2022 @t1",,"Enter",,,,,
"File.Edit","
","","39","1690669950998","main.py","1.1.5 for 2021-2022 @t1","Insert",,,,,,
"File.Edit","#","","40","1690669951883","main.py","1.1.5 for 2021-2022 @t1","Insert",,,,,,
"X-Keystroke","#",,"41","1690669951883","main.py","1.1.5 for 2021-2022 @t1",,"#",,,,,
"File.Edit"," ","","41","1690669952082","main.py","1.1.5 for 2021-2022 @t1","Insert",,,,,,
"X-Keystroke"," ",,"42","1690669952082","main.py","1.1.5 for 2021-2022 @t1",," ",,,,,
"X-Keystroke","#",,"41","1690669951883","main.py","1.1.5 for 2021-2022 @t1",,"#",,,,,
"X-Keystroke"," ",,"42","1690669952082","main.py","1.1.5 for 2021-2022 @t1",," ",,,,,
"File.Edit","g","","42","1690669958299","main.py","1.1.5 for 2021-2022 @t1","Insert",,,,,,
"X-Keystroke","g",,"43","1690669958299","main.py","1.1.5 for 2021-2022 @t1",,"g",,,,,
"File.Edit","e","","43","1690669958430","main.py","1.1.5 for 2021-2022 @t1","Insert",,,,,,
"X-Keystroke","e",,"44","1690669958430","main.py","1.1.5 for 2021-2022 @t1",,"e",,,,,
"File.Edit","t","","44","1690669958577","main.py","1.1.5 for 2021-2022 @t1","Insert",,,,,,
"X-Keystroke","t",,"45","1690669958577","main.py","1.1.5 for 2021-2022 @t1",,"t",,,,,
"File.Edit"," ","","45","1690669958799","main.py","1.1.5 for 2021-2022 @t1","Insert",,,,,,
"X-Keystroke"," ",,"46","1690669958799","main.py","1.1.5 for 2021-2022 @t1",," ",,,,,
"X-Action","Backspace",,,"1690669959877","main.py","1.1.5 for 2021-2022 @t1",,"Backspace",,,,,
"File.Edit",""," ","45","1690669959877","main.py","1.1.5 for 2021-2022 @t1","Delete",,,,,,
"X-Action","Backspace",,,"1690669960030","main.py","1.1.5 for 2021-2022 @t1",,"Backspace",,,,,
"File.Edit","","t","44","1690669960030","main.py","1.1.5 for 2021-2022 @t1","Delete",,,,,,
"X-Action","Backspace",,,"1690669960215","main.py","1.1.5 for 2021-2022 @t1",,"Backspace",,,,,
"File.Edit","","e","43","1690669960215","main.py","1.1.5 for 2021-2022 @t1","Delete",,,,,,
"X-Action","Backspace",,,"1690669960377","main.py","1.1.5 for 2021-2022 @t1",,"Backspace",,,,,
"File.Edit","","g","42","1690669960377","main.py","1.1.5 for 2021-2022 @t1","Delete",,,,,,
"File.Edit","c","","42","1690669960916","main.py","1.1.5 for 2021-2022 @t1","Insert",,,,,,
"X-Keystroke","c",,"43","1690669960916","main.py","1.1.5 for 2021-2022 @t1",,"c",,,,,
"File.Edit","o","","43","1690669961116","main.py","1.1.5 for 2021-2022 @t1","Insert",,,,,,
"X-Keystroke","o",,"44","1690669961116","main.py","1.1.5 for 2021-2022 @t1",,"o",,,,,
"X-Keystroke","g",,"43","1690669958299","main.py","1.1.5 for 2021-2022 @t1",,"g",,,,,
"X-Keystroke","e",,"44","1690669958430","main.py","1.1.5 for 2021-2022 @t1",,"e",,,,,
"X-Keystroke","t",,"45","1690669958577","main.py","1.1.5 for 2021-2022 @t1",,"t",,,,,
"X-Keystroke"," ",,"46","1690669958799","main.py","1.1.5 for 2021-2022 @t1",," ",,,,,
"X-Keystroke","c",,"43","1690669960916","main.py","1.1.5 for 2021-2022 @t1",,"c",,,,,
"X-Keystroke","o",,"44","1690669961116","main.py","1.1.5 for 2021-2022 @t1",,"o",,,,,
"File.Edit","n","","44","1690669961394","main.py","1.1.5 for 2021-2022 @t1","Insert",,,,,,
"X-Keystroke","n",,"45","1690669961394","main.py","1.1.5 for 2021-2022 @t1",,"n",,,,,
"File.Edit","n","","45","1690669961547","main.py","1.1.5 for 2021-2022 @t1","Insert",,,,,,
"X-Keystroke","n",,"46","1690669961547","main.py","1.1.5 for 2021-2022 @t1",,"n",,,,,
"File.Edit","e","","46","1690669961618","main.py","1.1.5 for 2021-2022 @t1","Insert",,,,,,
"X-Keystroke","e",,"47","1690669961618","main.py","1.1.5 for 2021-2022 @t1",,"e",,,,,
"File.Edit","c","","47","1690669962234","main.py","1.1.5 for 2021-2022 @t1","Insert",,,,,,
"X-Keystroke","c",,"48","1690669962234","main.py","1.1.5 for 2021-2022 @t1",,"c",,,,,
"File.Edit","t","","48","1690669962520","main.py","1.1.5 for 2021-2022 @t1","Insert",,,,,,
"X-Keystroke","t",,"49","1690669962535","main.py","1.1.5 for 2021-2022 @t1",,"t",,,,,
"File.Edit"," ","","49","1690669962682","main.py","1.1.5 for 2021-2022 @t1","Insert",,,,,,
"X-Keystroke"," ",,"50","1690669962682","main.py","1.1.5 for 2021-2022 @t1",," ",,,,,
"File.Edit","t","","50","1690669962905","main.py","1.1.5 for 2021-2022 @t1","Insert",,,,,,
"X-Keystroke","t",,"51","1690669962905","main.py","1.1.5 for 2021-2022 @t1",,"t",,,,,
"File.Edit","o","","51","1690669963006","main.py","1.1.5 for 2021-2022 @t1","Insert",,,,,,
"X-Keystroke","o",,"52","1690669963006","main.py","1.1.5 for 2021-2022 @t1",,"o",,,,,
"File.Edit"," ","","52","1690669963200","main.py","1.1.5 for 2021-2022 @t1","Insert",,,,,,
"X-Keystroke"," ",,"53","1690669963200","main.py","1.1.5 for 2021-2022 @t1",," ",,,,,
"File.Edit","m","","53","1690669963679","main.py","1.1.5 for 2021-2022 @t1","Insert",,,,,,
"X-Keystroke","m",,"54","1690669963679","main.py","1.1.5 for 2021-2022 @t1",,"m",,,,,
"File.Edit","a","","54","1690669963779","main.py","1.1.5 for 2021-2022 @t1","Insert",,,,,,
"X-Keystroke","a",,"55","1690669963779","main.py","1.1.5 for 2021-2022 @t1",,"a",,,,,
"File.Edit","r","","55","1690669964049","main.py","1.1.5 for 2021-2022 @t1","Insert",,,,,,
"X-Keystroke","r",,"56","1690669964049","main.py","1.1.5 for 2021-2022 @t1",,"r",,,,,
"File.Edit","k","","56","1690669964349","main.py","1.1.5 for 2021-2022 @t1","Insert",,,,,,
"X-Keystroke","k",,"57","1690669964349","main.py","1.1.5 for 2021-2022 @t1",,"k",,,,,
"X-Keystroke","n",,"45","1690669961394","main.py","1.1.5 for 2021-2022 @t1",,"n",,,,,
"X-Keystroke","n",,"46","1690669961547","main.py","1.1.5 for 2021-2022 @t1",,"n",,,,,
"X-Keystroke","e",,"47","1690669961618","main.py","1.1.5 for 2021-2022 @t1",,"e",,,,,
"X-Keystroke","c",,"48","1690669962234","main.py","1.1.5 for 2021-2022 @t1",,"c",,,,,
"X-Keystroke","t",,"49","1690669962535","main.py","1.1.5 for 2021-2022 @t1",,"t",,,,,
"X-Keystroke"," ",,"50","1690669962682","main.py","1.1.5 for 2021-2022 @t1",," ",,,,,
"X-Keystroke","t",,"51","1690669962905","main.py","1.1.5 for 2021-2022 @t1",,"t",,,,,
"X-Keystroke","o",,"52","1690669963006","main.py","1.1.5 for 2021-2022 @t1",,"o",,,,,
"X-Keystroke"," ",,"53","1690669963200","main.py","1.1.5 for 2021-2022 @t1",," ",,,,,
"X-Keystroke","m",,"54","1690669963679","main.py","1.1.5 for 2021-2022 @t1",,"m",,,,,
"X-Keystroke","a",,"55","1690669963779","main.py","1.1.5 for 2021-2022 @t1",,"a",,,,,
"X-Keystroke","r",,"56","1690669964049","main.py","1.1.5 for 2021-2022 @t1",,"r",,,,,
"X-Keystroke","k",,"57","1690669964349","main.py","1.1.5 for 2021-2022 @t1",,"k",,,,,
"File.Edit","e","","57","1690669964465","main.py","1.1.5 for 2021-2022 @t1","Insert",,,,,,
"X-Keystroke","e",,"58","1690669964481","main.py","1.1.5 for 2021-2022 @t1",,"e",,,,,
"File.Edit","t","","58","1690669964713","main.py","1.1.5 for 2021-2022 @t1","Insert",,,,,,
"X-Keystroke","t",,"59","1690669964713","main.py","1.1.5 for 2021-2022 @t1",,"t",,,,,
"File.Edit"," ","","59","1690669965029","main.py","1.1.5 for 2021-2022 @t1","Insert",,,,,,
"X-Keystroke"," ",,"60","1690669965029","main.py","1.1.5 for 2021-2022 @t1",," ",,,,,
"File.Edit","s","","60","1690669966989","main.py","1.1.5 for 2021-2022 @t1","Insert",,,,,,
"X-Keystroke","s",,"61","1690669966989","main.py","1.1.5 for 2021-2022 @t1",,"s",,,,,
"File.Edit","t","","61","1690669967374","main.py","1.1.5 for 2021-2022 @t1","Insert",,,,,,
"X-Keystroke","t",,"62","1690669967374","main.py","1.1.5 for 2021-2022 @t1",,"t",,,,,
"X-Keystroke","e",,"58","1690669964481","main.py","1.1.5 for 2021-2022 @t1",,"e",,,,,
"X-Keystroke","t",,"59","1690669964713","main.py","1.1.5 for 2021-2022 @t1",,"t",,,,,
"X-Keystroke"," ",,"60","1690669965029","main.py","1.1.5 for 2021-2022 @t1",," ",,,,,
"X-Keystroke","s",,"61","1690669966989","main.py","1.1.5 for 2021-2022 @t1",,"s",,,,,
"X-Keystroke","t",,"62","1690669967374","main.py","1.1.5 for 2021-2022 @t1",,"t",,,,,
"File.Edit","o","","62","1690669967553","main.py","1.1.5 for 2021-2022 @t1","Insert",,,,,,
"X-Keystroke","o",,"63","1690669967553","main.py","1.1.5 for 2021-2022 @t1",,"o",,,,,
"File.Edit","c","","63","1690669968008","main.py","1.1.5 for 2021-2022 @t1","Insert",,,,,,
"X-Keystroke","c",,"64","1690669968008","main.py","1.1.5 for 2021-2022 @t1",,"c",,,,,
"File.Edit","k","","64","1690669968124","main.py","1.1.5 for 2021-2022 @t1","Insert",,,,,,
"X-Keystroke","k",,"65","1690669968124","main.py","1.1.5 for 2021-2022 @t1",,"k",,,,,
"File.Edit","s","","65","1690669968409","main.py","1.1.5 for 2021-2022 @t1","Insert",,,,,,
"X-Keystroke","s",,"66","1690669968409","main.py","1.1.5 for 2021-2022 @t1",,"s",,,,,
"File.Edit","'","","66","1690669969041","main.py","1.1.5 for 2021-2022 @t1","Insert",,,,,,
"X-Keystroke","'",,"67","1690669969041","main.py","1.1.5 for 2021-2022 @t1",,"'",,,,,
"File.Edit","'","","67","1690669969380","main.py","1.1.5 for 2021-2022 @t1","Insert",,,,,,
"X-Keystroke","'",,"68","1690669969380","main.py","1.1.5 for 2021-2022 @t1",,"'",,,,,
"X-Action","Backspace",,,"1690669970165","main.py","1.1.5 for 2021-2022 @t1",,"Backspace",,,,,
"File.Edit","","'","67","1690669970165","main.py","1.1.5 for 2021-2022 @t1","Delete",,,,,,
"X-Action","Backspace",,,"1690669970328","main.py","1.1.5 for 2021-2022 @t1",,"Backspace",,,,,
"File.Edit","","'","66","1690669970328","main.py","1.1.5 for 2021-2022 @t1","Delete",,,,,,
"X-Keystroke","o",,"63","1690669967553","main.py","1.1.5 for 2021-2022 @t1",,"o",,,,,
"X-Keystroke","c",,"64","1690669968008","main.py","1.1.5 for 2021-2022 @t1",,"c",,,,,
"X-Keystroke","k",,"65","1690669968124","main.py","1.1.5 for 2021-2022 @t1",,"k",,,,,
"X-Keystroke","s",,"66","1690669968409","main.py","1.1.5 for 2021-2022 @t1",,"s",,,,,
"X-Keystroke","'",,"67","1690669969041","main.py","1.1.5 for 2021-2022 @t1",,"'",,,,,
"X-Keystroke","'",,"68","1690669969380","main.py","1.1.5 for 2021-2022 @t1",,"'",,,,,
"X-Action","Enter",,,"1690669970628","main.py","1.1.5 for 2021-2022 @t1",,"Enter",,,,,
"File.Edit","
","","66","1690669970628","main.py","1.1.5 for 2021-2022 @t1","Insert",,,,,,
"X-Action","Enter",,,"1690669970844","main.py","1.1.5 for 2021-2022 @t1",,"Enter",,,,,
"File.Edit","
","","67","1690669970844","main.py","1.1.5 for 2021-2022 @t1","Insert",,,,,,
"X-Action","Enter",,,"1690669971245","main.py","1.1.5 for 2021-2022 @t1",,"Enter",,,,,
"File.Edit","
","","68","1690669971245","main.py","1.1.5 for 2021-2022 @t1","Insert",,,,,,
"File.Edit","#","","69","1690669971883","main.py","1.1.5 for 2021-2022 @t1","Insert",,,,,,
"X-Keystroke","#",,"70","1690669971883","main.py","1.1.5 for 2021-2022 @t1",,"#",,,,,
"File.Edit"," ","","70","1690669972245","main.py","1.1.5 for 2021-2022 @t1","Insert",,,,,,
"X-Keystroke"," ",,"71","1690669972245","main.py","1.1.5 for 2021-2022 @t1",," ",,,,,
"File.Edit","c","","71","1690669973431","main.py","1.1.5 for 2021-2022 @t1","Insert",,,,,,
"X-Keystroke","c",,"72","1690669973431","main.py","1.1.5 for 2021-2022 @t1",,"c",,,,,
"X-Keystroke","#",,"70","1690669971883","main.py","1.1.5 for 2021-2022 @t1",,"#",,,,,
"X-Keystroke"," ",,"71","1690669972245","main.py","1.1.5 for 2021-2022 @t1",," ",,,,,
"X-Keystroke","c",,"72","1690669973431","main.py","1.1.5 for 2021-2022 @t1",,"c",,,,,
"X-Keystroke","o",,"73","1690669973869","main.py","1.1.5 for 2021-2022 @t1",,"o",,,,,
"X-Keystroke","n",,"74","1690669974070","main.py","1.1.5 for 2021-2022 @t1",,"n",,,,,
"X-Keystroke","n",,"75","1690669974518","main.py","1.1.5 for 2021-2022 @t1",,"n",,,,,
"X-Keystroke","e",,"76","1690669974672","main.py","1.1.5 for 2021-2022 @t1",,"e",,,,,
"File.Edit","o","","72","1690669973869","main.py","1.1.5 for 2021-2022 @t1","Insert",,,,,,
"X-Keystroke","o",,"73","1690669973869","main.py","1.1.5 for 2021-2022 @t1",,"o",,,,,
"File.Edit","n","","73","1690669974070","main.py","1.1.5 for 2021-2022 @t1","Insert",,,,,,
"X-Keystroke","n",,"74","1690669974070","main.py","1.1.5 for 2021-2022 @t1",,"n",,,,,
"File.Edit","n","","74","1690669974518","main.py","1.1.5 for 2021-2022 @t1","Insert",,,,,,
"X-Keystroke","n",,"75","1690669974518","main.py","1.1.5 for 2021-2022 @t1",,"n",,,,,
"File.Edit","e","","75","1690669974672","main.py","1.1.5 for 2021-2022 @t1","Insert",,,,,,
"X-Keystroke","e",,"76","1690669974672","main.py","1.1.5 for 2021-2022 @t1",,"e",,,,,
"File.Edit","c","","76","1690669975672","main.py","1.1.5 for 2021-2022 @t1","Insert",,,,,,
"X-Keystroke","c",,"77","1690669975688","main.py","1.1.5 for 2021-2022 @t1",,"c",,,,,
"File.Edit","t","","77","1690669976042","main.py","1.1.5 for 2021-2022 @t1","Insert",,,,,,
"X-Keystroke","t",,"78","1690669976042","main.py","1.1.5 for 2021-2022 @t1",,"t",,,,,
"File.Edit"," ","","78","1690669976227","main.py","1.1.5 for 2021-2022 @t1","Insert",,,,,,
"X-Keystroke"," ",,"79","1690669976227","main.py","1.1.5 for 2021-2022 @t1",," ",,,,,
"File.Edit","t","","79","1690669976644","main.py","1.1.5 for 2021-2022 @t1","Insert",,,,,,
"X-Keystroke","t",,"80","1690669976644","main.py","1.1.5 for 2021-2022 @t1",,"t",,,,,
"File.Edit","o","","80","1690669976760","main.py","1.1.5 for 2021-2022 @t1","Insert",,,,,,
"X-Keystroke","o",,"81","1690669976760","main.py","1.1.5 for 2021-2022 @t1",,"o",,,,,
"X-Keystroke","c",,"77","1690669975688","main.py","1.1.5 for 2021-2022 @t1",,"c",,,,,
"X-Keystroke","t",,"78","1690669976042","main.py","1.1.5 for 2021-2022 @t1",,"t",,,,,
"X-Keystroke"," ",,"79","1690669976227","main.py","1.1.5 for 2021-2022 @t1",," ",,,,,
"X-Keystroke","t",,"80","1690669976644","main.py","1.1.5 for 2021-2022 @t1",,"t",,,,,
"X-Keystroke","o",,"81","1690669976760","main.py","1.1.5 for 2021-2022 @t1",,"o",,,,,
"X-Keystroke"," ",,"82","1690669976960","main.py","1.1.5 for 2021-2022 @t1",," ",,,,,
"X-Keystroke","m",,"83","1690669977430","main.py","1.1.5 for 2021-2022 @t1",,"m",,,,,
"X-Keystroke","a",,"84","1690669977577","main.py","1.1.5 for 2021-2022 @t1",,"a",,,,,
"X-Keystroke"," ",,"82","1690669976960","main.py","1.1.5 for 2021-2022 @t1",," ",,,,,
"File.Edit"," ","","81","1690669976960","main.py","1.1.5 for 2021-2022 @t1","Insert",,,,,,
"File.Edit","m","","82","1690669977430","main.py","1.1.5 for 2021-2022 @t1","Insert",,,,,,
"X-Keystroke","m",,"83","1690669977430","main.py","1.1.5 for 2021-2022 @t1",,"m",,,,,
"File.Edit","a","","83","1690669977577","main.py","1.1.5 for 2021-2022 @t1","Insert",,,,,,
"X-Keystroke","a",,"84","1690669977577","main.py","1.1.5 for 2021-2022 @t1",,"a",,,,,
"X-Action","Backspace",,,"1690669978225","main.py","1.1.5 for 2021-2022 @t1",,"Backspace",,,,,
"File.Edit","","a","83","1690669978225","main.py","1.1.5 for 2021-2022 @t1","Delete",,,,,,
"X-Action","Backspace",,,"1690669978410","main.py","1.1.5 for 2021-2022 @t1",,"Backspace",,,,,
"File.Edit","","m","82","1690669978410","main.py","1.1.5 for 2021-2022 @t1","Delete",,,,,,
"File.Edit","m","","82","1690669979312","main.py","1.1.5 for 2021-2022 @t1","Insert",,,,,,
"X-Keystroke","m",,"83","1690669979312","main.py","1.1.5 for 2021-2022 @t1",,"m",,,,,
"File.Edit","a","","83","1690669979435","main.py","1.1.5 for 2021-2022 @t1","Insert",,,,,,
"X-Keystroke","a",,"84","1690669979435","main.py","1.1.5 for 2021-2022 @t1",,"a",,,,,
"X-Keystroke","m",,"83","1690669979312","main.py","1.1.5 for 2021-2022 @t1",,"m",,,,,
"X-Keystroke","a",,"84","1690669979435","main.py","1.1.5 for 2021-2022 @t1",,"a",,,,,
"X-Keystroke","r",,"85","1690669980083","main.py","1.1.5 for 2021-2022 @t1",,"r",,,,,
"X-Keystroke","k",,"86","1690669980369","main.py","1.1.5 for 2021-2022 @t1",,"k",,,,,
"X-Keystroke","e",,"87","1690669980601","main.py","1.1.5 for 2021-2022 @t1",,"e",,,,,
"X-Keystroke","t",,"88","1690669980886","main.py","1.1.5 for 2021-2022 @t1",,"t",,,,,
"X-Keystroke"," ",,"89","1690669981234","main.py","1.1.5 for 2021-2022 @t1",," ",,,,,
"File.Edit","r","","84","1690669980083","main.py","1.1.5 for 2021-2022 @t1","Insert",,,,,,
"X-Keystroke","r",,"85","1690669980083","main.py","1.1.5 for 2021-2022 @t1",,"r",,,,,
"File.Edit","k","","85","1690669980369","main.py","1.1.5 for 2021-2022 @t1","Insert",,,,,,
"X-Keystroke","k",,"86","1690669980369","main.py","1.1.5 for 2021-2022 @t1",,"k",,,,,
"File.Edit","e","","86","1690669980601","main.py","1.1.5 for 2021-2022 @t1","Insert",,,,,,
"X-Keystroke","e",,"87","1690669980601","main.py","1.1.5 for 2021-2022 @t1",,"e",,,,,
"File.Edit","t","","87","1690669980886","main.py","1.1.5 for 2021-2022 @t1","Insert",,,,,,
"X-Keystroke","t",,"88","1690669980886","main.py","1.1.5 for 2021-2022 @t1",,"t",,,,,
"File.Edit"," ","","88","1690669981234","main.py","1.1.5 for 2021-2022 @t1","Insert",,,,,,
"X-Keystroke"," ",,"89","1690669981234","main.py","1.1.5 for 2021-2022 @t1",," ",,,,,
"File.Edit","o","","89","1690669982438","main.py","1.1.5 for 2021-2022 @t1","Insert",,,,,,
"X-Keystroke","o",,"90","1690669982438","main.py","1.1.5 for 2021-2022 @t1",,"o",,,,,
"File.Edit","p","","90","1690669982591","main.py","1.1.5 for 2021-2022 @t1","Insert",,,,,,
"X-Keystroke","p",,"91","1690669982607","main.py","1.1.5 for 2021-2022 @t1",,"p",,,,,
"File.Edit","t","","91","1690669982818","main.py","1.1.5 for 2021-2022 @t1","Insert",,,,,,
"X-Keystroke","t",,"92","1690669982818","main.py","1.1.5 for 2021-2022 @t1",,"t",,,,,
"File.Edit","i","","92","1690669982946","main.py","1.1.5 for 2021-2022 @t1","Insert",,,,,,
"X-Keystroke","i",,"93","1690669982946","main.py","1.1.5 for 2021-2022 @t1",,"i",,,,,
"X-Keystroke","o",,"90","1690669982438","main.py","1.1.5 for 2021-2022 @t1",,"o",,,,,
"X-Keystroke","p",,"91","1690669982607","main.py","1.1.5 for 2021-2022 @t1",,"p",,,,,
"X-Keystroke","t",,"92","1690669982818","main.py","1.1.5 for 2021-2022 @t1",,"t",,,,,
"X-Keystroke","i",,"93","1690669982946","main.py","1.1.5 for 2021-2022 @t1",,"i",,,,,
"X-Keystroke","o",,"94","1690669983109","main.py","1.1.5 for 2021-2022 @t1",,"o",,,,,
"X-Keystroke","n",,"95","1690669983294","main.py","1.1.5 for 2021-2022 @t1",,"n",,,,,
"X-Keystroke","s",,"96","1690669983425","main.py","1.1.5 for 2021-2022 @t1",,"s",,,,,
"X-Keystroke","#",,"100","1690669985079","main.py","1.1.5 for 2021-2022 @t1",,"#",,,,,
"X-Keystroke"," ",,"101","1690669985264","main.py","1.1.5 for 2021-2022 @t1",," ",,,,,
"File.Edit","o","","93","1690669983109","main.py","1.1.5 for 2021-2022 @t1","Insert",,,,,,
"X-Keystroke","o",,"94","1690669983109","main.py","1.1.5 for 2021-2022 @t1",,"o",,,,,
"File.Edit","n","","94","1690669983294","main.py","1.1.5 for 2021-2022 @t1","Insert",,,,,,
"X-Keystroke","n",,"95","1690669983294","main.py","1.1.5 for 2021-2022 @t1",,"n",,,,,
"File.Edit","s","","95","1690669983425","main.py","1.1.5 for 2021-2022 @t1","Insert",,,,,,
"X-Keystroke","s",,"96","1690669983425","main.py","1.1.5 for 2021-2022 @t1",,"s",,,,,
"X-Action","Enter",,,"1690669983964","main.py","1.1.5 for 2021-2022 @t1",,"Enter",,,,,
"File.Edit","
","","96","1690669983964","main.py","1.1.5 for 2021-2022 @t1","Insert",,,,,,
"X-Action","Enter",,,"1690669984179","main.py","1.1.5 for 2021-2022 @t1",,"Enter",,,,,
"File.Edit","
","","97","1690669984179","main.py","1.1.5 for 2021-2022 @t1","Insert",,,,,,
"X-Action","Enter",,,"1690669984363","main.py","1.1.5 for 2021-2022 @t1",,"Enter",,,,,
"File.Edit","
","","98","1690669984379","main.py","1.1.5 for 2021-2022 @t1","Insert",,,,,,
"File.Edit","#","","99","1690669985079","main.py","1.1.5 for 2021-2022 @t1","Insert",,,,,,
"X-Keystroke","#",,"100","1690669985079","main.py","1.1.5 for 2021-2022 @t1",,"#",,,,,
"File.Edit"," ","","100","1690669985264","main.py","1.1.5 for 2021-2022 @t1","Insert",,,,,,
"X-Keystroke"," ",,"101","1690669985264","main.py","1.1.5 for 2021-2022 @t1",," ",,,,,
"File.Edit","a","","101","1690669985511","main.py","1.1.5 for 2021-2022 @t1","Insert",,,,,,
"X-Keystroke","a",,"102","1690669985527","main.py","1.1.5 for 2021-2022 @t1",,"a",,,,,
"File.Edit","n","","102","1690669985781","main.py","1.1.5 for 2021-2022 @t1","Insert",,,,,,
"X-Keystroke","n",,"103","1690669985781","main.py","1.1.5 for 2021-2022 @t1",,"n",,,,,
"File.Edit","a","","103","1690669985881","main.py","1.1.5 for 2021-2022 @t1","Insert",,,,,,
"X-Keystroke","a",,"104","1690669985881","main.py","1.1.5 for 2021-2022 @t1",,"a",,,,,
"X-Keystroke","a",,"102","1690669985527","main.py","1.1.5 for 2021-2022 @t1",,"a",,,,,
"X-Keystroke","n",,"103","1690669985781","main.py","1.1.5 for 2021-2022 @t1",,"n",,,,,
"X-Keystroke","a",,"104","1690669985881","main.py","1.1.5 for 2021-2022 @t1",,"a",,,,,
"X-Keystroke","l",,"105","1690669986745","main.py","1.1.5 for 2021-2022 @t1",,"l",,,,,
"X-Keystroke","y",,"106","1690669987067","main.py","1.1.5 for 2021-2022 @t1",,"y",,,,,
"X-Keystroke","z",,"107","1690669987554","main.py","1.1.5 for 2021-2022 @t1",,"z",,,,,
"X-Keystroke"," ",,"108","1690669987871","main.py","1.1.5 for 2021-2022 @t1",," ",,,,,
"File.Edit","l","","104","1690669986729","main.py","1.1.5 for 2021-2022 @t1","Insert",,,,,,
"X-Keystroke","l",,"105","1690669986745","main.py","1.1.5 for 2021-2022 @t1",,"l",,,,,
"File.Edit","y","","105","1690669987067","main.py","1.1.5 for 2021-2022 @t1","Insert",,,,,,
"X-Keystroke","y",,"106","1690669987067","main.py","1.1.5 for 2021-2022 @t1",,"y",,,,,
"File.Edit","z","","106","1690669987554","main.py","1.1.5 for 2021-2022 @t1","Insert",,,,,,
"X-Keystroke","z",,"107","1690669987554","main.py","1.1.5 for 2021-2022 @t1",,"z",,,,,
"File.Edit"," ","","107","1690669987871","main.py","1.1.5 for 2021-2022 @t1","Insert",,,,,,
"X-Keystroke"," ",,"108","1690669987871","main.py","1.1.5 for 2021-2022 @t1",," ",,,,,
"File.Edit","d","","108","1690669988620","main.py","1.1.5 for 2021-2022 @t1","Insert",,,,,,
"X-Keystroke","d",,"109","1690669988620","main.py","1.1.5 for 2021-2022 @t1",,"d",,,,,
"File.Edit","a","","109","1690669988821","main.py","1.1.5 for 2021-2022 @t1","Insert",,,,,,
"X-Keystroke","a",,"110","1690669988821","main.py","1.1.5 for 2021-2022 @t1",,"a",,,,,
"File.Edit","t","","110","1690669988990","main.py","1.1.5 for 2021-2022 @t1","Insert",,,,,,
"X-Keystroke","t",,"111","1690669988990","main.py","1.1.5 for 2021-2022 @t1",,"t",,,,,
"File.Edit","a","","111","1690669989218","main.py","1.1.5 for 2021-2022 @t1","Insert",,,,,,
"X-Keystroke","a",,"112","1690669989218","main.py","1.1.5 for 2021-2022 @t1",,"a",,,,,
"X-Keystroke","d",,"109","1690669988620","main.py","1.1.5 for 2021-2022 @t1",,"d",,,,,
"X-Keystroke","a",,"110","1690669988821","main.py","1.1.5 for 2021-2022 @t1",,"a",,,,,
"X-Keystroke","t",,"111","1690669988990","main.py","1.1.5 for 2021-2022 @t1",,"t",,,,,
"X-Keystroke","a",,"112","1690669989218","main.py","1.1.5 for 2021-2022 @t1",,"a",,,,,
"X-Keystroke","c",,"109","1690669990595","main.py","1.1.5 for 2021-2022 @t1",,"c",,,,,
"X-Keystroke","h",,"110","1690669990795","main.py","1.1.5 for 2021-2022 @t1",,"h",,,,,
"X-Keystroke","a",,"111","1690669990942","main.py","1.1.5 for 2021-2022 @t1",,"a",,,,,
"X-Keystroke","r",,"112","1690669991111","main.py","1.1.5 for 2021-2022 @t1",,"r",,,,,
"X-Keystroke","t",,"113","1690669991365","main.py","1.1.5 for 2021-2022 @t1",,"t",,,,,
"X-Action","Backspace",,,"1690669989993","main.py","1.1.5 for 2021-2022 @t1",,"Backspace",,,,,
"File.Edit","","a","111","1690669989993","main.py","1.1.5 for 2021-2022 @t1","Delete",,,,,,
"X-Action","Backspace",,,"1690669990178","main.py","1.1.5 for 2021-2022 @t1",,"Backspace",,,,,
"File.Edit","","t","110","1690669990178","main.py","1.1.5 for 2021-2022 @t1","Delete",,,,,,
"X-Action","Backspace",,,"1690669990310","main.py","1.1.5 for 2021-2022 @t1",,"Backspace",,,,,
"File.Edit","","a","109","1690669990310","main.py","1.1.5 for 2021-2022 @t1","Delete",,,,,,
"X-Action","Backspace",,,"1690669990463","main.py","1.1.5 for 2021-2022 @t1",,"Backspace",,,,,
"File.Edit","","d","108","1690669990463","main.py","1.1.5 for 2021-2022 @t1","Delete",,,,,,
"File.Edit","c","","108","1690669990595","main.py","1.1.5 for 2021-2022 @t1","Insert",,,,,,
"X-Keystroke","c",,"109","1690669990595","main.py","1.1.5 for 2021-2022 @t1",,"c",,,,,
"File.Edit","h","","109","1690669990795","main.py","1.1.5 for 2021-2022 @t1","Insert",,,,,,
"X-Keystroke","h",,"110","1690669990795","main.py","1.1.5 for 2021-2022 @t1",,"h",,,,,
"File.Edit","a","","110","1690669990942","main.py","1.1.5 for 2021-2022 @t1","Insert",,,,,,
"X-Keystroke","a",,"111","1690669990942","main.py","1.1.5 for 2021-2022 @t1",,"a",,,,,
"File.Edit","r","","111","1690669991111","main.py","1.1.5 for 2021-2022 @t1","Insert",,,,,,
"X-Keystroke","r",,"112","1690669991111","main.py","1.1.5 for 2021-2022 @t1",,"r",,,,,
"File.Edit","t","","112","1690669991365","main.py","1.1.5 for 2021-2022 @t1","Insert",,,,,,
"X-Keystroke","t",,"113","1690669991365","main.py","1.1.5 for 2021-2022 @t1",,"t",,,,,
"File.Edit","s","","113","1690669991697","main.py","1.1.5 for 2021-2022 @t1","Insert",,,,,,
"X-Keystroke","s",,"114","1690669991697","main.py","1.1.5 for 2021-2022 @t1",,"s",,,,,
"X-Action","Backspace",,,"1690669992566","main.py","1.1.5 for 2021-2022 @t1",,"Backspace",,,,,
"File.Edit","","s","113","1690669992566","main.py","1.1.5 for 2021-2022 @t1","Delete",,,,,,
"X-Keystroke","s",,"114","1690669991697","main.py","1.1.5 for 2021-2022 @t1",,"s",,,,,
"X-Keystroke","s",,"114","1690669994117","main.py","1.1.5 for 2021-2022 @t1",,"s",,,,,
"X-Keystroke"," ",,"115","1690669994271","main.py","1.1.5 for 2021-2022 @t1",," ",,,,,
"File.Edit","s","","113","1690669994117","main.py","1.1.5 for 2021-2022 @t1","Insert",,,,,,
"X-Keystroke","s",,"114","1690669994117","main.py","1.1.5 for 2021-2022 @t1",,"s",,,,,
"File.Edit"," ","","114","1690669994271","main.py","1.1.5 for 2021-2022 @t1","Insert",,,,,,
"X-Keystroke"," ",,"115","1690669994271","main.py","1.1.5 for 2021-2022 @t1",," ",,,,,
"File.Edit","v","","115","1690669995136","main.py","1.1.5 for 2021-2022 @t1","Insert",,,,,,
"X-Keystroke","v",,"116","1690669995136","main.py","1.1.5 for 2021-2022 @t1",,"v",,,,,
"X-Action","Backspace",,,"1690669995607","main.py","1.1.5 for 2021-2022 @t1",,"Backspace",,,,,
"File.Edit","","v","115","1690669995607","main.py","1.1.5 for 2021-2022 @t1","Delete",,,,,,
"File.Edit","b","","115","1690669996325","main.py","1.1.5 for 2021-2022 @t1","Insert",,,,,,
"X-Keystroke","b",,"116","1690669996325","main.py","1.1.5 for 2021-2022 @t1",,"b",,,,,
"File.Edit","y","","116","1690669996525","main.py","1.1.5 for 2021-2022 @t1","Insert",,,,,,
"X-Keystroke","y",,"117","1690669996525","main.py","1.1.5 for 2021-2022 @t1",,"y",,,,,
"File.Edit"," ","","117","1690669996711","main.py","1.1.5 for 2021-2022 @t1","Insert",,,,,,
"X-Keystroke"," ",,"118","1690669996711","main.py","1.1.5 for 2021-2022 @t1",," ",,,,,
"X-Keystroke","v",,"116","1690669995136","main.py","1.1.5 for 2021-2022 @t1",,"v",,,,,
"X-Keystroke","b",,"116","1690669996325","main.py","1.1.5 for 2021-2022 @t1",,"b",,,,,
"X-Keystroke","y",,"117","1690669996525","main.py","1.1.5 for 2021-2022 @t1",,"y",,,,,
"X-Keystroke"," ",,"118","1690669996711","main.py","1.1.5 for 2021-2022 @t1",," ",,,,,
"X-Keystroke","t",,"119","1690669997396","main.py","1.1.5 for 2021-2022 @t1",,"t",,,,,
"X-Keystroke","i",,"120","1690669997581","main.py","1.1.5 for 2021-2022 @t1",,"i",,,,,
"X-Keystroke","m",,"121","1690669997697","main.py","1.1.5 for 2021-2022 @t1",,"m",,,,,
"X-Keystroke","e",,"122","1690669997829","main.py","1.1.5 for 2021-2022 @t1",,"e",,,,,
"File.Edit","t","","118","1690669997396","main.py","1.1.5 for 2021-2022 @t1","Insert",,,,,,
"X-Keystroke","t",,"119","1690669997396","main.py","1.1.5 for 2021-2022 @t1",,"t",,,,,
"File.Edit","i","","119","1690669997581","main.py","1.1.5 for 2021-2022 @t1","Insert",,,,,,
"X-Keystroke","i",,"120","1690669997581","main.py","1.1.5 for 2021-2022 @t1",,"i",,,,,
"File.Edit","m","","120","1690669997697","main.py","1.1.5 for 2021-2022 @t1","Insert",,,,,,
"X-Keystroke","m",,"121","1690669997697","main.py","1.1.5 for 2021-2022 @t1",,"m",,,,,
"File.Edit","e","","121","1690669997829","main.py","1.1.5 for 2021-2022 @t1","Insert",,,,,,
"X-Keystroke","e",,"122","1690669997829","main.py","1.1.5 for 2021-2022 @t1",,"e",,,,,
"File.Edit"," ","","122","1690669998630","main.py","1.1.5 for 2021-2022 @t1","Insert",,,,,,
"X-Keystroke"," ",,"123","1690669998630","main.py","1.1.5 for 2021-2022 @t1",," ",,,,,
"File.Edit","f","","123","1690669998861","main.py","1.1.5 for 2021-2022 @t1","Insert",,,,,,
"X-Keystroke","f",,"124","1690669998861","main.py","1.1.5 for 2021-2022 @t1",,"f",,,,,
"File.Edit","r","","124","1690669999078","main.py","1.1.5 for 2021-2022 @t1","Insert",,,,,,
"X-Keystroke","r",,"125","1690669999078","main.py","1.1.5 for 2021-2022 @t1",,"r",,,,,
"File.Edit","i","","125","1690669999278","main.py","1.1.5 for 2021-2022 @t1","Insert",,,,,,
"X-Keystroke","i",,"126","1690669999278","main.py","1.1.5 for 2021-2022 @t1",,"i",,,,,
"File.Edit","m","","126","1690669999400","main.py","1.1.5 for 2021-2022 @t1","Insert",,,,,,
"X-Keystroke","m",,"127","1690669999400","main.py","1.1.5 for 2021-2022 @t1",,"m",,,,,
"File.Edit"," ","","127","1690669999949","main.py","1.1.5 for 2021-2022 @t1","Insert",,,,,,
"X-Keystroke"," ",,"128","1690669999949","main.py","1.1.5 for 2021-2022 @t1",," ",,,,,
"X-Keystroke"," ",,"123","1690669998630","main.py","1.1.5 for 2021-2022 @t1",," ",,,,,
"X-Keystroke","f",,"124","1690669998861","main.py","1.1.5 for 2021-2022 @t1",,"f",,,,,
"X-Keystroke","r",,"125","1690669999078","main.py","1.1.5 for 2021-2022 @t1",,"r",,,,,
"X-Keystroke","i",,"126","1690669999278","main.py","1.1.5 for 2021-2022 @t1",,"i",,,,,
"X-Keystroke","m",,"127","1690669999400","main.py","1.1.5 for 2021-2022 @t1",,"m",,,,,
"X-Keystroke"," ",,"128","1690669999949","main.py","1.1.5 for 2021-2022 @t1",," ",,,,,
"X-Keystroke","r",,"125","1690670001423","main.py","1.1.5 for 2021-2022 @t1",,"r",,,,,
"X-Action","Backspace",,,"1690670000820","main.py","1.1.5 for 2021-2022 @t1",,"Backspace",,,,,
"File.Edit",""," ","127","1690670000820","main.py","1.1.5 for 2021-2022 @t1","Delete",,,,,,
"X-Action","Backspace",,,"1690670000990","main.py","1.1.5 for 2021-2022 @t1",,"Backspace",,,,,
"File.Edit","","m","126","1690670000990","main.py","1.1.5 for 2021-2022 @t1","Delete",,,,,,
"X-Action","Backspace",,,"1690670001153","main.py","1.1.5 for 2021-2022 @t1",,"Backspace",,,,,
"File.Edit","","i","125","1690670001153","main.py","1.1.5 for 2021-2022 @t1","Delete",,,,,,
"X-Action","Backspace",,,"1690670001307","main.py","1.1.5 for 2021-2022 @t1",,"Backspace",,,,,
"File.Edit","","r","124","1690670001307","main.py","1.1.5 for 2021-2022 @t1","Delete",,,,,,
"File.Edit","r","","124","1690670001423","main.py","1.1.5 for 2021-2022 @t1","Insert",,,,,,
"X-Keystroke","r",,"125","1690670001423","main.py","1.1.5 for 2021-2022 @t1",,"r",,,,,
"File.Edit","i","","125","1690670001670","main.py","1.1.5 for 2021-2022 @t1","Insert",,,,,,
"X-Keystroke","i",,"126","1690670001670","main.py","1.1.5 for 2021-2022 @t1",,"i",,,,,
"File.Edit","m","","126","1690670001793","main.py","1.1.5 for 2021-2022 @t1","Insert",,,,,,
"X-Keystroke","m",,"127","1690670001793","main.py","1.1.5 for 2021-2022 @t1",,"m",,,,,
"File.Edit"," ","","127","1690670001940","main.py","1.1.5 for 2021-2022 @t1","Insert",,,,,,
"X-Keystroke"," ",,"128","1690670001940","main.py","1.1.5 for 2021-2022 @t1",," ",,,,,
"X-Keystroke","i",,"126","1690670001670","main.py","1.1.5 for 2021-2022 @t1",,"i",,,,,
"X-Keystroke","m",,"127","1690670001793","main.py","1.1.5 for 2021-2022 @t1",,"m",,,,,
"X-Keystroke"," ",,"128","1690670001940","main.py","1.1.5 for 2021-2022 @t1",," ",,,,,
"File.Edit","1","","128","1690670005348","main.py","1.1.5 for 2021-2022 @t1","Insert",,,,,,
"X-Keystroke","1",,"129","1690670005348","main.py","1.1.5 for 2021-2022 @t1",,"1",,,,,
"File.Edit"," ","","129","1690670005501","main.py","1.1.5 for 2021-2022 @t1","Insert",,,,,,
"X-Keystroke"," ",,"130","1690670005501","main.py","1.1.5 for 2021-2022 @t1",," ",,,,,
"File.Edit","m","","130","1690670005802","main.py","1.1.5 for 2021-2022 @t1","Insert",,,,,,
"X-Keystroke","m",,"131","1690670005802","main.py","1.1.5 for 2021-2022 @t1",,"m",,,,,
"File.Edit","i","","131","1690670005980","main.py","1.1.5 for 2021-2022 @t1","Insert",,,,,,
"X-Keystroke","i",,"132","1690670005980","main.py","1.1.5 for 2021-2022 @t1",,"i",,,,,
"File.Edit","n","","132","1690670006080","main.py","1.1.5 for 2021-2022 @t1","Insert",,,,,,
"X-Keystroke","n",,"133","1690670006080","main.py","1.1.5 for 2021-2022 @t1",,"n",,,,,
"File.Edit"," ","","133","1690670006335","main.py","1.1.5 for 2021-2022 @t1","Insert",,,,,,
"X-Keystroke"," ",,"134","1690670006335","main.py","1.1.5 for 2021-2022 @t1",," ",,,,,
"File.Edit","|","","134","1690670007168","main.py","1.1.5 for 2021-2022 @t1","Insert",,,,,,
"X-Keystroke","|",,"135","1690670007168","main.py","1.1.5 for 2021-2022 @t1",,"|",,,,,
"File.Edit"," ","","135","1690670007306","main.py","1.1.5 for 2021-2022 @t1","Insert",,,,,,
"X-Keystroke"," ",,"136","1690670007306","main.py","1.1.5 for 2021-2022 @t1",," ",,,,,
"X-Keystroke","1",,"129","1690670005348","main.py","1.1.5 for 2021-2022 @t1",,"1",,,,,
"X-Keystroke"," ",,"130","1690670005501","main.py","1.1.5 for 2021-2022 @t1",," ",,,,,
"X-Keystroke","m",,"131","1690670005802","main.py","1.1.5 for 2021-2022 @t1",,"m",,,,,
"X-Keystroke","i",,"132","1690670005980","main.py","1.1.5 for 2021-2022 @t1",,"i",,,,,
"X-Keystroke","n",,"133","1690670006080","main.py","1.1.5 for 2021-2022 @t1",,"n",,,,,
"X-Keystroke"," ",,"134","1690670006335","main.py","1.1.5 for 2021-2022 @t1",," ",,,,,
"X-Keystroke","|",,"135","1690670007168","main.py","1.1.5 for 2021-2022 @t1",,"|",,,,,
"X-Keystroke"," ",,"136","1690670007306","main.py","1.1.5 for 2021-2022 @t1",," ",,,,,
"File.Edit","5","","136","1690670008510","main.py","1.1.5 for 2021-2022 @t1","Insert",,,,,,
"X-Keystroke","5",,"137","1690670008510","main.py","1.1.5 for 2021-2022 @t1",,"5",,,,,
"File.Edit"," ","","137","1690670008773","main.py","1.1.5 for 2021-2022 @t1","Insert",,,,,,
"X-Keystroke"," ",,"138","1690670008773","main.py","1.1.5 for 2021-2022 @t1",," ",,,,,
"File.Edit",",","","138","1690670009313","main.py","1.1.5 for 2021-2022 @t1","Insert",,,,,,
"X-Keystroke",",",,"139","1690670009313","main.py","1.1.5 for 2021-2022 @t1",,",",,,,,
"File.Edit","o","","139","1690670009476","main.py","1.1.5 for 2021-2022 @t1","Insert",,,,,,
"X-Keystroke","o",,"140","1690670009476","main.py","1.1.5 for 2021-2022 @t1",,"o",,,,,
"X-Action","Backspace",,,"1690670009829","main.py","1.1.5 for 2021-2022 @t1",,"Backspace",,,,,
"File.Edit","","o","139","1690670009829","main.py","1.1.5 for 2021-2022 @t1","Delete",,,,,,
"X-Action","Backspace",,,"1690670009960","main.py","1.1.5 for 2021-2022 @t1",,"Backspace",,,,,
"File.Edit","",",","138","1690670009960","main.py","1.1.5 for 2021-2022 @t1","Delete",,,,,,
"File.Edit","m","","138","1690670010276","main.py","1.1.5 for 2021-2022 @t1","Insert",,,,,,
"X-Keystroke","m",,"139","1690670010276","main.py","1.1.5 for 2021-2022 @t1",,"m",,,,,
"File.Edit","i","","139","1690670010428","main.py","1.1.5 for 2021-2022 @t1","Insert",,,,,,
"X-Keystroke","i",,"140","1690670010428","main.py","1.1.5 for 2021-2022 @t1",,"i",,,,,
"File.Edit","s","","140","1690670010576","main.py","1.1.5 for 2021-2022 @t1","Insert",,,,,,
"X-Keystroke","s",,"141","1690670010576","main.py","1.1.5 for 2021-2022 @t1",,"s",,,,,
"X-Keystroke","5",,"137","1690670008510","main.py","1.1.5 for 2021-2022 @t1",,"5",,,,,
"X-Keystroke"," ",,"138","1690670008773","main.py","1.1.5 for 2021-2022 @t1",," ",,,,,
"X-Keystroke",",",,"139","1690670009313","main.py","1.1.5 for 2021-2022 @t1",,",",,,,,
"X-Keystroke","o",,"140","1690670009476","main.py","1.1.5 for 2021-2022 @t1",,"o",,,,,
"X-Keystroke","m",,"139","1690670010276","main.py","1.1.5 for 2021-2022 @t1",,"m",,,,,
"X-Keystroke","i",,"140","1690670010428","main.py","1.1.5 for 2021-2022 @t1",,"i",,,,,
"X-Keystroke","s",,"141","1690670010576","main.py","1.1.5 for 2021-2022 @t1",,"s",,,,,
"X-Action","Backspace",,,"1690670011561","main.py","1.1.5 for 2021-2022 @t1",,"Backspace",,,,,
"File.Edit","","s","140","1690670011561","main.py","1.1.5 for 2021-2022 @t1","Delete",,,,,,
"File.Edit","n","","140","1690670011931","main.py","1.1.5 for 2021-2022 @t1","Insert",,,,,,
"X-Keystroke","n",,"141","1690670011931","main.py","1.1.5 for 2021-2022 @t1",,"n",,,,,
"File.Edit","s","","141","1690670012015","main.py","1.1.5 for 2021-2022 @t1","Insert",,,,,,
"X-Keystroke","s",,"142","1690670012030","main.py","1.1.5 for 2021-2022 @t1",,"s",,,,,
"File.Edit"," ","","142","1690670012162","main.py","1.1.5 for 2021-2022 @t1","Insert",,,,,,
"X-Keystroke"," ",,"143","1690670012162","main.py","1.1.5 for 2021-2022 @t1",," ",,,,,
"File.Edit","|","","143","1690670012947","main.py","1.1.5 for 2021-2022 @t1","Insert",,,,,,
"X-Keystroke","|",,"144","1690670012947","main.py","1.1.5 for 2021-2022 @t1",,"|",,,,,
"File.Edit"," ","","144","1690670013095","main.py","1.1.5 for 2021-2022 @t1","Insert",,,,,,
"X-Keystroke"," ",,"145","1690670013095","main.py","1.1.5 for 2021-2022 @t1",," ",,,,,
"File.Edit","1","","145","1690670013866","main.py","1.1.5 for 2021-2022 @t1","Insert",,,,,,
"X-Keystroke","1",,"146","1690670013866","main.py","1.1.5 for 2021-2022 @t1",,"1",,,,,
"X-Keystroke","n",,"141","1690670011931","main.py","1.1.5 for 2021-2022 @t1",,"n",,,,,
"X-Keystroke","s",,"142","1690670012030","main.py","1.1.5 for 2021-2022 @t1",,"s",,,,,
"X-Keystroke"," ",,"143","1690670012162","main.py","1.1.5 for 2021-2022 @t1",," ",,,,,
"X-Keystroke","|",,"144","1690670012947","main.py","1.1.5 for 2021-2022 @t1",,"|",,,,,
"X-Keystroke"," ",,"145","1690670013095","main.py","1.1.5 for 2021-2022 @t1",," ",,,,,
"X-Keystroke","1",,"146","1690670013866","main.py","1.1.5 for 2021-2022 @t1",,"1",,,,,
"X-Keystroke","5",,"147","1690670014568","main.py","1.1.5 for 2021-2022 @t1",,"5",,,,,
"File.Edit","5","","146","1690670014568","main.py","1.1.5 for 2021-2022 @t1","Insert",,,,,,
"X-Keystroke","5",,"147","1690670014568","main.py","1.1.5 for 2021-2022 @t1",,"5",,,,,
"File.Edit"," ","","147","1690670015324","main.py","1.1.5 for 2021-2022 @t1","Insert",,,,,,
"X-Keystroke"," ",,"148","1690670015324","main.py","1.1.5 for 2021-2022 @t1",," ",,,,,
"File.Edit","m","","148","1690670015640","main.py","1.1.5 for 2021-2022 @t1","Insert",,,,,,
"X-Keystroke","m",,"149","1690670015640","main.py","1.1.5 for 2021-2022 @t1",,"m",,,,,
"File.Edit","i","","149","1690670015756","main.py","1.1.5 for 2021-2022 @t1","Insert",,,,,,
"X-Keystroke","i",,"150","1690670015756","main.py","1.1.5 for 2021-2022 @t1",,"i",,,,,
"File.Edit","n","","150","1690670015888","main.py","1.1.5 for 2021-2022 @t1","Insert",,,,,,
"X-Keystroke","n",,"151","1690670015888","main.py","1.1.5 for 2021-2022 @t1",,"n",,,,,
"File.Edit","s","","151","1690670015957","main.py","1.1.5 for 2021-2022 @t1","Insert",,,,,,
"X-Keystroke","s",,"152","1690670015957","main.py","1.1.5 for 2021-2022 @t1",,"s",,,,,
"File.Edit"," ","","152","1690670016158","main.py","1.1.5 for 2021-2022 @t1","Insert",,,,,,
"X-Keystroke"," ",,"153","1690670016158","main.py","1.1.5 for 2021-2022 @t1",," ",,,,,
"File.Edit","|","","153","1690670016992","main.py","1.1.5 for 2021-2022 @t1","Insert",,,,,,
"X-Keystroke","|",,"154","1690670016992","main.py","1.1.5 for 2021-2022 @t1",,"|",,,,,
"File.Edit"," ","","154","1690670017933","main.py","1.1.5 for 2021-2022 @t1","Insert",,,,,,
"X-Keystroke"," ",,"155","1690670017933","main.py","1.1.5 for 2021-2022 @t1",," ",,,,,
"File.Edit",".","","155","1690670018180","main.py","1.1.5 for 2021-2022 @t1","Insert",,,,,,
"X-Keystroke",".",,"156","1690670018180","main.py","1.1.5 for 2021-2022 @t1",,".",,,,,
"X-Keystroke"," ",,"148","1690670015324","main.py","1.1.5 for 2021-2022 @t1",," ",,,,,
"X-Keystroke","m",,"149","1690670015640","main.py","1.1.5 for 2021-2022 @t1",,"m",,,,,
"X-Keystroke","i",,"150","1690670015756","main.py","1.1.5 for 2021-2022 @t1",,"i",,,,,
"X-Keystroke","n",,"151","1690670015888","main.py","1.1.5 for 2021-2022 @t1",,"n",,,,,
"X-Keystroke","s",,"152","1690670015957","main.py","1.1.5 for 2021-2022 @t1",,"s",,,,,
"X-Keystroke"," ",,"153","1690670016158","main.py","1.1.5 for 2021-2022 @t1",," ",,,,,
"X-Keystroke","|",,"154","1690670016992","main.py","1.1.5 for 2021-2022 @t1",,"|",,,,,
"X-Keystroke"," ",,"155","1690670017933","main.py","1.1.5 for 2021-2022 @t1",," ",,,,,
"X-Keystroke",".",,"156","1690670018180","main.py","1.1.5 for 2021-2022 @t1",,".",,,,,
"X-Keystroke",".",,"157","1690670018333","main.py","1.1.5 for 2021-2022 @t1",,".",,,,,
"X-Keystroke",".",,"158","1690670018496","main.py","1.1.5 for 2021-2022 @t1",,".",,,,,
"File.Edit",".","","156","1690670018333","main.py","1.1.5 for 2021-2022 @t1","Insert",,,,,,
"X-Keystroke",".",,"157","1690670018333","main.py","1.1.5 for 2021-2022 @t1",,".",,,,,
"File.Edit",".","","157","1690670018496","main.py","1.1.5 for 2021-2022 @t1","Insert",,,,,,
"X-Keystroke",".",,"158","1690670018496","main.py","1.1.5 for 2021-2022 @t1",,".",,,,,
"X-Action","Enter",,,"1690670018781","main.py","1.1.5 for 2021-2022 @t1",,"Enter",,,,,
"File.Edit","
","","158","1690670018781","main.py","1.1.5 for 2021-2022 @t1","Insert",,,,,,
"X-Action","analyze",,,"1690670024328","main.py","1.1.5 for 2021-2022 @t1",,"analyze",,,,,
"File.Edit","e","","107","1690670024343","main.py","1.1.5 for 2021-2022 @t1","Insert",,,,,,
"X-Action","Right",,,"1690670032771","main.py","1.1.5 for 2021-2022 @t1",,"Right",,,,,
"X-Action","Left",,,"1690670033425","main.py","1.1.5 for 2021-2022 @t1",,"Left",,,,,
"X-Action","Left",,,"1690670033626","main.py","1.1.5 for 2021-2022 @t1",,"Left",,,,,
"X-Action","Left",,,"1690670034095","main.py","1.1.5 for 2021-2022 @t1",,"Left",,,,,
"X-Action","Left",,,"1690670034126","main.py","1.1.5 for 2021-2022 @t1",,"Left",,,,,
"X-Action","Left",,,"1690670034141","main.py","1.1.5 for 2021-2022 @t1",,"Left",,,,,
"X-Action","Left",,,"1690670034179","main.py","1.1.5 for 2021-2022 @t1",,"Left",,,,,
"X-Action","Left",,,"1690670034195","main.py","1.1.5 for 2021-2022 @t1",,"Left",,,,,
"X-Action","Left",,,"1690670034226","main.py","1.1.5 for 2021-2022 @t1",,"Left",,,,,
"X-Action","Left",,,"1690670034257","main.py","1.1.5 for 2021-2022 @t1",,"Left",,,,,
"X-Action","Left",,,"1690670034279","main.py","1.1.5 for 2021-2022 @t1",,"Left",,,,,
"X-Action","Left",,,"1690670034295","main.py","1.1.5 for 2021-2022 @t1",,"Left",,,,,
"X-Action","Left",,,"1690670034326","main.py","1.1.5 for 2021-2022 @t1",,"Left",,,,,
"X-Action","Left",,,"1690670034358","main.py","1.1.5 for 2021-2022 @t1",,"Left",,,,,
"X-Action","Left",,,"1690670034380","main.py","1.1.5 for 2021-2022 @t1",,"Left",,,,,
"X-Action","Left",,,"1690670034395","main.py","1.1.5 for 2021-2022 @t1",,"Left",,,,,
"X-Action","Left",,,"1690670034427","main.py","1.1.5 for 2021-2022 @t1",,"Left",,,,,
"X-Action","Left",,,"1690670034458","main.py","1.1.5 for 2021-2022 @t1",,"Left",,,,,
"X-Action","Left",,,"1690670034480","main.py","1.1.5 for 2021-2022 @t1",,"Left",,,,,
"X-Action","Left",,,"1690670034511","main.py","1.1.5 for 2021-2022 @t1",,"Left",,,,,
"X-Action","Left",,,"1690670034527","main.py","1.1.5 for 2021-2022 @t1",,"Left",,,,,
"X-Action","Left",,,"1690670034558","main.py","1.1.5 for 2021-2022 @t1",,"Left",,,,,
"X-Action","Left",,,"1690670034580","main.py","1.1.5 for 2021-2022 @t1",,"Left",,,,,
"X-Action","Left",,,"1690670034611","main.py","1.1.5 for 2021-2022 @t1",,"Left",,,,,
"X-Action","Left",,,"1690670034627","main.py","1.1.5 for 2021-2022 @t1",,"Left",,,,,
"X-Action","Left",,,"1690670034658","main.py","1.1.5 for 2021-2022 @t1",,"Left",,,,,
"X-Action","Left",,,"1690670034680","main.py","1.1.5 for 2021-2022 @t1",,"Left",,,,,
"X-Action","Left",,,"1690670034712","main.py","1.1.5 for 2021-2022 @t1",,"Left",,,,,
"X-Action","Left",,,"1690670034743","main.py","1.1.5 for 2021-2022 @t1",,"Left",,,,,
"X-Action","Left",,,"1690670034759","main.py","1.1.5 for 2021-2022 @t1",,"Left",,,,,
"X-Action","Left",,,"1690670034781","main.py","1.1.5 for 2021-2022 @t1",,"Left",,,,,
"X-Action","Left",,,"1690670035044","main.py","1.1.5 for 2021-2022 @t1",,"Left",,,,,
"X-Action","Left",,,"1690670035229","main.py","1.1.5 for 2021-2022 @t1",,"Left",,,,,
"X-Action","Left with Selection",,,"1690670035577","main.py","1.1.5 for 2021-2022 @t1",,"Left with Selection",,,,,
"X-Action","Left with Selection",,,"1690670035762","main.py","1.1.5 for 2021-2022 @t1",,"Left with Selection",,,,,
"X-Action","Left with Selection",,,"1690670035947","main.py","1.1.5 for 2021-2022 @t1",,"Left with Selection",,,,,
"X-Action","Left with Selection",,,"1690670036085","main.py","1.1.5 for 2021-2022 @t1",,"Left with Selection",,,,,
"X-Action","Backspace",,,"1690670036433","main.py","1.1.5 for 2021-2022 @t1",,"Backspace",,,,,
"File.Edit","","frim","124","1690670036433","main.py","1.1.5 for 2021-2022 @t1","Delete",,,,,,
"X-Action","Backspace",,,"1690670037235","main.py","1.1.5 for 2021-2022 @t1",,"Backspace",,,,,
"File.Edit",""," ","124","1690670037251","main.py","1.1.5 for 2021-2022 @t1","Delete",,,,,,
"File.Edit"," ","","124","1690670037921","main.py","1.1.5 for 2021-2022 @t1","Insert",,,,,,
"X-Keystroke"," ",,"124","1690670037921","main.py","1.1.5 for 2021-2022 @t1",," ",,,,,
"X-Action","Right",,,"1690670038284","main.py","1.1.5 for 2021-2022 @t1",,"Right",,,,,
"X-Action","Right",,,"1690670038744","main.py","1.1.5 for 2021-2022 @t1",,"Right",,,,,
"X-Action","Right",,,"1690670038775","main.py","1.1.5 for 2021-2022 @t1",,"Right",,,,,
"X-Action","Right",,,"1690670038791","main.py","1.1.5 for 2021-2022 @t1",,"Right",,,,,
"X-Action","Right",,,"1690670038822","main.py","1.1.5 for 2021-2022 @t1",,"Right",,,,,
"X-Action","Right",,,"1690670038844","main.py","1.1.5 for 2021-2022 @t1",,"Right",,,,,
"X-Action","Right",,,"1690670038876","main.py","1.1.5 for 2021-2022 @t1",,"Right",,,,,
"X-Action","Right",,,"1690670038907","main.py","1.1.5 for 2021-2022 @t1",,"Right",,,,,
"X-Action","Right",,,"1690670038922","main.py","1.1.5 for 2021-2022 @t1",,"Right",,,,,
"X-Action","Right",,,"1690670038945","main.py","1.1.5 for 2021-2022 @t1",,"Right",,,,,
"X-Keystroke"," ",,"124","1690670037921","main.py","1.1.5 for 2021-2022 @t1",," ",,,,,
"X-Action","Right",,,"1690670038976","main.py","1.1.5 for 2021-2022 @t1",,"Right",,,,,
"X-Action","Right",,,"1690670039007","main.py","1.1.5 for 2021-2022 @t1",,"Right",,,,,
"X-Action","Right",,,"1690670039023","main.py","1.1.5 for 2021-2022 @t1",,"Right",,,,,
